{"C:\\Users\\merye\\todo-app\\src\\database.js": {"path":"C:\\Users\\merye\\todo-app\\src\\database.js","statementMap":{"0":{"start":{"line":1,"column":16},"end":{"line":1,"column":44}},"1":{"start":{"line":2,"column":13},"end":{"line":2,"column":28}},"2":{"start":{"line":4,"column":15},"end":{"line":4,"column":52}},"3":{"start":{"line":6,"column":11},"end":{"line":12,"column":2}},"4":{"start":{"line":7,"column":2},"end":{"line":11,"column":3}},"5":{"start":{"line":8,"column":4},"end":{"line":8,"column":68}},"6":{"start":{"line":10,"column":4},"end":{"line":10,"column":53}},"7":{"start":{"line":15,"column":0},"end":{"line":51,"column":3}},"8":{"start":{"line":17,"column":2},"end":{"line":23,"column":6}},"9":{"start":{"line":26,"column":2},"end":{"line":37,"column":6}},"10":{"start":{"line":40,"column":2},"end":{"line":50,"column":6}},"11":{"start":{"line":53,"column":0},"end":{"line":53,"column":20}}},"fnMap":{"0":{"name":"(anonymous_0)","decl":{"start":{"line":6,"column":40},"end":{"line":6,"column":41}},"loc":{"start":{"line":6,"column":49},"end":{"line":12,"column":1}},"line":6},"1":{"name":"(anonymous_1)","decl":{"start":{"line":15,"column":13},"end":{"line":15,"column":14}},"loc":{"start":{"line":15,"column":19},"end":{"line":51,"column":1}},"line":15}},"branchMap":{"0":{"loc":{"start":{"line":7,"column":2},"end":{"line":11,"column":3}},"type":"if","locations":[{"start":{"line":7,"column":2},"end":{"line":11,"column":3}},{"start":{"line":9,"column":9},"end":{"line":11,"column":3}}],"line":7}},"s":{"0":1,"1":1,"2":1,"3":1,"4":1,"5":0,"6":1,"7":1,"8":1,"9":1,"10":1,"11":1},"f":{"0":1,"1":1},"b":{"0":[0,1]},"_coverageSchema":"1a1c01bbd47fc00a2c39e90264f33305004495a9","hash":"7a90091aab7d9014625bf0d855ce03b5e40861de"}
,"C:\\Users\\merye\\todo-app\\src\\script.js": {"path":"C:\\Users\\merye\\todo-app\\src\\script.js","statementMap":{"0":{"start":{"line":2,"column":16},"end":{"line":2,"column":28}},"1":{"start":{"line":3,"column":21},"end":{"line":3,"column":36}},"2":{"start":{"line":4,"column":17},"end":{"line":4,"column":28}},"3":{"start":{"line":7,"column":19},"end":{"line":7,"column":21}},"4":{"start":{"line":8,"column":20},"end":{"line":8,"column":22}},"5":{"start":{"line":9,"column":19},"end":{"line":9,"column":40}},"6":{"start":{"line":10,"column":18},"end":{"line":10,"column":42}},"7":{"start":{"line":11,"column":19},"end":{"line":11,"column":23}},"8":{"start":{"line":12,"column":17},"end":{"line":12,"column":21}},"9":{"start":{"line":15,"column":23},"end":{"line":21,"column":1}},"10":{"start":{"line":24,"column":23},"end":{"line":28,"column":1}},"11":{"start":{"line":32,"column":2},"end":{"line":51,"column":3}},"12":{"start":{"line":33,"column":21},"end":{"line":35,"column":6}},"13":{"start":{"line":37,"column":4},"end":{"line":40,"column":5}},"14":{"start":{"line":38,"column":6},"end":{"line":38,"column":43}},"15":{"start":{"line":39,"column":6},"end":{"line":39,"column":19}},"16":{"start":{"line":42,"column":17},"end":{"line":42,"column":38}},"17":{"start":{"line":43,"column":4},"end":{"line":46,"column":5}},"18":{"start":{"line":44,"column":6},"end":{"line":44,"column":73}},"19":{"start":{"line":45,"column":6},"end":{"line":45,"column":99}},"20":{"start":{"line":47,"column":4},"end":{"line":47,"column":16}},"21":{"start":{"line":49,"column":4},"end":{"line":49,"column":41}},"22":{"start":{"line":50,"column":4},"end":{"line":50,"column":17}},"23":{"start":{"line":56,"column":2},"end":{"line":63,"column":3}},"24":{"start":{"line":57,"column":4},"end":{"line":60,"column":7}},"25":{"start":{"line":62,"column":4},"end":{"line":62,"column":42}},"26":{"start":{"line":64,"column":2},"end":{"line":64,"column":39}},"27":{"start":{"line":69,"column":18},"end":{"line":69,"column":52}},"28":{"start":{"line":70,"column":2},"end":{"line":70,"column":48}},"29":{"start":{"line":76,"column":2},"end":{"line":76,"column":95}},"30":{"start":{"line":76,"column":68},"end":{"line":76,"column":93}},"31":{"start":{"line":79,"column":2},"end":{"line":79,"column":75}},"32":{"start":{"line":82,"column":2},"end":{"line":82,"column":87}},"33":{"start":{"line":82,"column":55},"end":{"line":82,"column":85}},"34":{"start":{"line":83,"column":2},"end":{"line":83,"column":68}},"35":{"start":{"line":86,"column":2},"end":{"line":88,"column":3}},"36":{"start":{"line":87,"column":4},"end":{"line":87,"column":74}},"37":{"start":{"line":91,"column":2},"end":{"line":96,"column":3}},"38":{"start":{"line":92,"column":4},"end":{"line":92,"column":21}},"39":{"start":{"line":93,"column":4},"end":{"line":93,"column":17}},"40":{"start":{"line":94,"column":9},"end":{"line":96,"column":3}},"41":{"start":{"line":95,"column":4},"end":{"line":95,"column":18}},"42":{"start":{"line":103,"column":17},"end":{"line":103,"column":61}},"43":{"start":{"line":104,"column":19},"end":{"line":104,"column":66}},"44":{"start":{"line":105,"column":19},"end":{"line":105,"column":66}},"45":{"start":{"line":107,"column":12},"end":{"line":107,"column":19}},"46":{"start":{"line":108,"column":17},"end":{"line":108,"column":38}},"47":{"start":{"line":109,"column":2},"end":{"line":109,"column":46}},"48":{"start":{"line":109,"column":14},"end":{"line":109,"column":46}},"49":{"start":{"line":110,"column":2},"end":{"line":110,"column":52}},"50":{"start":{"line":110,"column":16},"end":{"line":110,"column":52}},"51":{"start":{"line":111,"column":2},"end":{"line":111,"column":52}},"52":{"start":{"line":111,"column":16},"end":{"line":111,"column":52}},"53":{"start":{"line":112,"column":2},"end":{"line":112,"column":56}},"54":{"start":{"line":112,"column":25},"end":{"line":112,"column":56}},"55":{"start":{"line":114,"column":2},"end":{"line":130,"column":3}},"56":{"start":{"line":115,"column":21},"end":{"line":115,"column":65}},"57":{"start":{"line":116,"column":4},"end":{"line":122,"column":5}},"58":{"start":{"line":117,"column":6},"end":{"line":120,"column":7}},"59":{"start":{"line":118,"column":8},"end":{"line":118,"column":45}},"60":{"start":{"line":119,"column":8},"end":{"line":119,"column":15}},"61":{"start":{"line":121,"column":6},"end":{"line":121,"column":46}},"62":{"start":{"line":124,"column":4},"end":{"line":124,"column":41}},"63":{"start":{"line":125,"column":4},"end":{"line":125,"column":18}},"64":{"start":{"line":126,"column":4},"end":{"line":126,"column":18}},"65":{"start":{"line":128,"column":4},"end":{"line":128,"column":49}},"66":{"start":{"line":129,"column":4},"end":{"line":129,"column":63}},"67":{"start":{"line":135,"column":19},"end":{"line":135,"column":54}},"68":{"start":{"line":136,"column":21},"end":{"line":136,"column":58}},"69":{"start":{"line":138,"column":2},"end":{"line":142,"column":3}},"70":{"start":{"line":139,"column":4},"end":{"line":139,"column":28}},"71":{"start":{"line":140,"column":4},"end":{"line":140,"column":42}},"72":{"start":{"line":141,"column":4},"end":{"line":141,"column":11}},"73":{"start":{"line":144,"column":2},"end":{"line":144,"column":37}},"74":{"start":{"line":146,"column":2},"end":{"line":175,"column":14}},"75":{"start":{"line":146,"column":57},"end":{"line":175,"column":3}},"76":{"start":{"line":180,"column":15},"end":{"line":180,"column":50}},"77":{"start":{"line":180,"column":38},"end":{"line":180,"column":49}},"78":{"start":{"line":181,"column":2},"end":{"line":181,"column":20}},"79":{"start":{"line":181,"column":13},"end":{"line":181,"column":20}},"80":{"start":{"line":183,"column":2},"end":{"line":193,"column":3}},"81":{"start":{"line":184,"column":4},"end":{"line":189,"column":7}},"82":{"start":{"line":190,"column":4},"end":{"line":190,"column":16}},"83":{"start":{"line":192,"column":4},"end":{"line":192,"column":56}},"84":{"start":{"line":198,"column":16},"end":{"line":198,"column":52}},"85":{"start":{"line":199,"column":15},"end":{"line":199,"column":50}},"86":{"start":{"line":200,"column":16},"end":{"line":200,"column":57}},"87":{"start":{"line":202,"column":2},"end":{"line":202,"column":15}},"88":{"start":{"line":203,"column":2},"end":{"line":203,"column":47}},"89":{"start":{"line":205,"column":2},"end":{"line":218,"column":3}},"90":{"start":{"line":206,"column":17},"end":{"line":206,"column":56}},"91":{"start":{"line":206,"column":40},"end":{"line":206,"column":55}},"92":{"start":{"line":207,"column":4},"end":{"line":215,"column":5}},"93":{"start":{"line":208,"column":6},"end":{"line":208,"column":46}},"94":{"start":{"line":209,"column":6},"end":{"line":209,"column":56}},"95":{"start":{"line":210,"column":6},"end":{"line":210,"column":62}},"96":{"start":{"line":211,"column":6},"end":{"line":211,"column":80}},"97":{"start":{"line":212,"column":6},"end":{"line":212,"column":102}},"98":{"start":{"line":213,"column":6},"end":{"line":213,"column":68}},"99":{"start":{"line":214,"column":6},"end":{"line":214,"column":68}},"100":{"start":{"line":217,"column":4},"end":{"line":217,"column":41}},"101":{"start":{"line":220,"column":2},"end":{"line":220,"column":35}},"102":{"start":{"line":221,"column":2},"end":{"line":221,"column":30}},"103":{"start":{"line":222,"column":2},"end":{"line":222,"column":47}},"104":{"start":{"line":226,"column":16},"end":{"line":226,"column":52}},"105":{"start":{"line":227,"column":2},"end":{"line":227,"column":32}},"106":{"start":{"line":228,"column":2},"end":{"line":228,"column":33}},"107":{"start":{"line":232,"column":2},"end":{"line":232,"column":20}},"108":{"start":{"line":236,"column":0},"end":{"line":271,"column":3}},"109":{"start":{"line":237,"column":2},"end":{"line":237,"column":21}},"110":{"start":{"line":239,"column":17},"end":{"line":239,"column":56}},"111":{"start":{"line":240,"column":15},"end":{"line":246,"column":3}},"112":{"start":{"line":248,"column":2},"end":{"line":270,"column":3}},"113":{"start":{"line":249,"column":4},"end":{"line":265,"column":5}},"114":{"start":{"line":250,"column":6},"end":{"line":255,"column":9}},"115":{"start":{"line":256,"column":6},"end":{"line":256,"column":57}},"116":{"start":{"line":258,"column":6},"end":{"line":263,"column":9}},"117":{"start":{"line":264,"column":6},"end":{"line":264,"column":54}},"118":{"start":{"line":266,"column":4},"end":{"line":266,"column":21}},"119":{"start":{"line":267,"column":4},"end":{"line":267,"column":16}},"120":{"start":{"line":269,"column":4},"end":{"line":269,"column":55}},"121":{"start":{"line":277,"column":21},"end":{"line":278,"column":70}},"122":{"start":{"line":280,"column":2},"end":{"line":280,"column":101}},"123":{"start":{"line":282,"column":15},"end":{"line":282,"column":54}},"124":{"start":{"line":283,"column":19},"end":{"line":283,"column":66}},"125":{"start":{"line":284,"column":22},"end":{"line":284,"column":74}},"126":{"start":{"line":285,"column":16},"end":{"line":285,"column":26}},"127":{"start":{"line":287,"column":13},"end":{"line":287,"column":15}},"128":{"start":{"line":290,"column":2},"end":{"line":292,"column":3}},"129":{"start":{"line":290,"column":15},"end":{"line":290,"column":16}},"130":{"start":{"line":291,"column":4},"end":{"line":291,"column":58}},"131":{"start":{"line":295,"column":2},"end":{"line":306,"column":3}},"132":{"start":{"line":295,"column":17},"end":{"line":295,"column":18}},"133":{"start":{"line":296,"column":20},"end":{"line":296,"column":113}},"134":{"start":{"line":297,"column":21},"end":{"line":297,"column":70}},"135":{"start":{"line":297,"column":45},"end":{"line":297,"column":69}},"136":{"start":{"line":298,"column":20},"end":{"line":298,"column":119}},"137":{"start":{"line":300,"column":4},"end":{"line":305,"column":6}},"138":{"start":{"line":308,"column":2},"end":{"line":308,"column":24}},"139":{"start":{"line":312,"column":2},"end":{"line":312,"column":17}},"140":{"start":{"line":313,"column":2},"end":{"line":316,"column":3}},"141":{"start":{"line":314,"column":4},"end":{"line":314,"column":22}},"142":{"start":{"line":315,"column":4},"end":{"line":315,"column":18}},"143":{"start":{"line":317,"column":2},"end":{"line":317,"column":19}},"144":{"start":{"line":318,"column":2},"end":{"line":318,"column":15}},"145":{"start":{"line":322,"column":2},"end":{"line":322,"column":17}},"146":{"start":{"line":323,"column":2},"end":{"line":326,"column":3}},"147":{"start":{"line":324,"column":4},"end":{"line":324,"column":21}},"148":{"start":{"line":325,"column":4},"end":{"line":325,"column":18}},"149":{"start":{"line":327,"column":2},"end":{"line":327,"column":19}},"150":{"start":{"line":328,"column":2},"end":{"line":328,"column":15}},"151":{"start":{"line":332,"column":2},"end":{"line":332,"column":55}},"152":{"start":{"line":333,"column":2},"end":{"line":333,"column":19}},"153":{"start":{"line":338,"column":2},"end":{"line":350,"column":3}},"154":{"start":{"line":339,"column":21},"end":{"line":341,"column":6}},"155":{"start":{"line":343,"column":4},"end":{"line":343,"column":63}},"156":{"start":{"line":343,"column":22},"end":{"line":343,"column":63}},"157":{"start":{"line":345,"column":4},"end":{"line":345,"column":42}},"158":{"start":{"line":346,"column":4},"end":{"line":346,"column":21}},"159":{"start":{"line":347,"column":4},"end":{"line":347,"column":19}},"160":{"start":{"line":349,"column":4},"end":{"line":349,"column":50}},"161":{"start":{"line":355,"column":21},"end":{"line":355,"column":58}},"162":{"start":{"line":356,"column":22},"end":{"line":356,"column":60}},"163":{"start":{"line":358,"column":2},"end":{"line":362,"column":3}},"164":{"start":{"line":359,"column":4},"end":{"line":359,"column":30}},"165":{"start":{"line":360,"column":4},"end":{"line":360,"column":43}},"166":{"start":{"line":361,"column":4},"end":{"line":361,"column":11}},"167":{"start":{"line":364,"column":2},"end":{"line":364,"column":38}},"168":{"start":{"line":366,"column":2},"end":{"line":386,"column":14}},"169":{"start":{"line":366,"column":52},"end":{"line":386,"column":3}},"170":{"start":{"line":391,"column":16},"end":{"line":391,"column":53}},"171":{"start":{"line":392,"column":15},"end":{"line":392,"column":51}},"172":{"start":{"line":393,"column":16},"end":{"line":393,"column":58}},"173":{"start":{"line":395,"column":2},"end":{"line":395,"column":15}},"174":{"start":{"line":396,"column":2},"end":{"line":396,"column":48}},"175":{"start":{"line":397,"column":2},"end":{"line":397,"column":30}},"176":{"start":{"line":399,"column":2},"end":{"line":412,"column":3}},"177":{"start":{"line":400,"column":18},"end":{"line":400,"column":59}},"178":{"start":{"line":400,"column":42},"end":{"line":400,"column":58}},"179":{"start":{"line":401,"column":4},"end":{"line":409,"column":5}},"180":{"start":{"line":402,"column":6},"end":{"line":402,"column":50}},"181":{"start":{"line":403,"column":6},"end":{"line":403,"column":58}},"182":{"start":{"line":404,"column":6},"end":{"line":404,"column":64}},"183":{"start":{"line":405,"column":6},"end":{"line":405,"column":82}},"184":{"start":{"line":406,"column":6},"end":{"line":406,"column":68}},"185":{"start":{"line":407,"column":6},"end":{"line":407,"column":74}},"186":{"start":{"line":408,"column":6},"end":{"line":408,"column":49}},"187":{"start":{"line":411,"column":4},"end":{"line":411,"column":43}},"188":{"start":{"line":414,"column":2},"end":{"line":414,"column":35}},"189":{"start":{"line":415,"column":2},"end":{"line":415,"column":30}},"190":{"start":{"line":416,"column":2},"end":{"line":416,"column":48}},"191":{"start":{"line":420,"column":16},"end":{"line":420,"column":53}},"192":{"start":{"line":421,"column":2},"end":{"line":421,"column":32}},"193":{"start":{"line":422,"column":2},"end":{"line":422,"column":33}},"194":{"start":{"line":426,"column":2},"end":{"line":426,"column":21}},"195":{"start":{"line":430,"column":2},"end":{"line":430,"column":54}},"196":{"start":{"line":431,"column":2},"end":{"line":434,"column":5}},"197":{"start":{"line":432,"column":4},"end":{"line":432,"column":52}},"198":{"start":{"line":433,"column":4},"end":{"line":433,"column":48}},"199":{"start":{"line":435,"column":2},"end":{"line":437,"column":3}},"200":{"start":{"line":436,"column":4},"end":{"line":436,"column":56}},"201":{"start":{"line":441,"column":0},"end":{"line":476,"column":3}},"202":{"start":{"line":442,"column":2},"end":{"line":442,"column":21}},"203":{"start":{"line":444,"column":18},"end":{"line":444,"column":58}},"204":{"start":{"line":445,"column":15},"end":{"line":451,"column":3}},"205":{"start":{"line":453,"column":2},"end":{"line":475,"column":3}},"206":{"start":{"line":454,"column":4},"end":{"line":470,"column":5}},"207":{"start":{"line":455,"column":6},"end":{"line":460,"column":9}},"208":{"start":{"line":461,"column":6},"end":{"line":461,"column":60}},"209":{"start":{"line":463,"column":6},"end":{"line":468,"column":9}},"210":{"start":{"line":469,"column":6},"end":{"line":469,"column":57}},"211":{"start":{"line":471,"column":4},"end":{"line":471,"column":22}},"212":{"start":{"line":472,"column":4},"end":{"line":472,"column":17}},"213":{"start":{"line":474,"column":4},"end":{"line":474,"column":55}},"214":{"start":{"line":481,"column":2},"end":{"line":481,"column":20}},"215":{"start":{"line":482,"column":2},"end":{"line":482,"column":20}},"216":{"start":{"line":483,"column":16},"end":{"line":483,"column":54}},"217":{"start":{"line":484,"column":2},"end":{"line":484,"column":35}},"218":{"start":{"line":485,"column":2},"end":{"line":485,"column":30}},"219":{"start":{"line":489,"column":16},"end":{"line":489,"column":54}},"220":{"start":{"line":490,"column":2},"end":{"line":490,"column":32}},"221":{"start":{"line":491,"column":2},"end":{"line":491,"column":33}},"222":{"start":{"line":492,"column":2},"end":{"line":492,"column":22}},"223":{"start":{"line":493,"column":2},"end":{"line":493,"column":20}},"224":{"start":{"line":497,"column":2},"end":{"line":497,"column":43}},"225":{"start":{"line":497,"column":36},"end":{"line":497,"column":43}},"226":{"start":{"line":499,"column":14},"end":{"line":499,"column":60}},"227":{"start":{"line":501,"column":2},"end":{"line":516,"column":3}},"228":{"start":{"line":502,"column":4},"end":{"line":505,"column":7}},"229":{"start":{"line":506,"column":4},"end":{"line":506,"column":86}},"230":{"start":{"line":507,"column":4},"end":{"line":507,"column":23}},"231":{"start":{"line":509,"column":4},"end":{"line":513,"column":5}},"232":{"start":{"line":510,"column":6},"end":{"line":510,"column":18}},"233":{"start":{"line":512,"column":6},"end":{"line":512,"column":19}},"234":{"start":{"line":515,"column":4},"end":{"line":515,"column":56}},"235":{"start":{"line":522,"column":16},"end":{"line":522,"column":35}},"236":{"start":{"line":523,"column":20},"end":{"line":523,"column":64}},"237":{"start":{"line":523,"column":45},"end":{"line":523,"column":56}},"238":{"start":{"line":524,"column":18},"end":{"line":524,"column":35}},"239":{"start":{"line":525,"column":15},"end":{"line":525,"column":68}},"240":{"start":{"line":527,"column":2},"end":{"line":527,"column":59}},"241":{"start":{"line":528,"column":2},"end":{"line":528,"column":67}},"242":{"start":{"line":529,"column":2},"end":{"line":529,"column":63}},"243":{"start":{"line":530,"column":2},"end":{"line":530,"column":63}},"244":{"start":{"line":533,"column":21},"end":{"line":533,"column":23}},"245":{"start":{"line":534,"column":2},"end":{"line":540,"column":5}},"246":{"start":{"line":535,"column":4},"end":{"line":537,"column":5}},"247":{"start":{"line":536,"column":6},"end":{"line":536,"column":61}},"248":{"start":{"line":538,"column":4},"end":{"line":538,"column":38}},"249":{"start":{"line":539,"column":4},"end":{"line":539,"column":62}},"250":{"start":{"line":539,"column":24},"end":{"line":539,"column":62}},"251":{"start":{"line":542,"column":24},"end":{"line":542,"column":64}},"252":{"start":{"line":543,"column":2},"end":{"line":554,"column":85}},"253":{"start":{"line":544,"column":20},"end":{"line":544,"column":69}},"254":{"start":{"line":545,"column":4},"end":{"line":553,"column":6}},"255":{"start":{"line":560,"column":14},"end":{"line":560,"column":43}},"256":{"start":{"line":561,"column":2},"end":{"line":561,"column":25}},"257":{"start":{"line":562,"column":2},"end":{"line":562,"column":23}},"258":{"start":{"line":566,"column":2},"end":{"line":566,"column":26}},"259":{"start":{"line":566,"column":16},"end":{"line":566,"column":26}},"260":{"start":{"line":567,"column":15},"end":{"line":567,"column":32}},"261":{"start":{"line":568,"column":2},"end":{"line":568,"column":95}},"262":{"start":{"line":572,"column":16},"end":{"line":572,"column":45}},"263":{"start":{"line":573,"column":2},"end":{"line":573,"column":36}},"264":{"start":{"line":574,"column":2},"end":{"line":581,"column":4}},"265":{"start":{"line":582,"column":2},"end":{"line":582,"column":35}},"266":{"start":{"line":584,"column":2},"end":{"line":586,"column":11}},"267":{"start":{"line":585,"column":4},"end":{"line":585,"column":19}},"268":{"start":{"line":590,"column":0},"end":{"line":590,"column":91}},"269":{"start":{"line":591,"column":0},"end":{"line":591,"column":80}},"270":{"start":{"line":592,"column":0},"end":{"line":592,"column":80}},"271":{"start":{"line":596,"column":2},"end":{"line":603,"column":4}},"272":{"start":{"line":597,"column":18},"end":{"line":600,"column":5}},"273":{"start":{"line":598,"column":6},"end":{"line":598,"column":28}},"274":{"start":{"line":599,"column":6},"end":{"line":599,"column":20}},"275":{"start":{"line":601,"column":4},"end":{"line":601,"column":26}},"276":{"start":{"line":602,"column":4},"end":{"line":602,"column":38}},"277":{"start":{"line":608,"column":26},"end":{"line":608,"column":43}},"278":{"start":{"line":609,"column":2},"end":{"line":611,"column":3}},"279":{"start":{"line":610,"column":4},"end":{"line":610,"column":16}},"280":{"start":{"line":615,"column":0},"end":{"line":615,"column":7}}},"fnMap":{"0":{"name":"checkAuth","decl":{"start":{"line":31,"column":15},"end":{"line":31,"column":24}},"loc":{"start":{"line":31,"column":27},"end":{"line":52,"column":1}},"line":31},"1":{"name":"logout","decl":{"start":{"line":55,"column":15},"end":{"line":55,"column":21}},"loc":{"start":{"line":55,"column":24},"end":{"line":65,"column":1}},"line":55},"2":{"name":"toggleSidebar","decl":{"start":{"line":68,"column":9},"end":{"line":68,"column":22}},"loc":{"start":{"line":68,"column":25},"end":{"line":71,"column":1}},"line":68},"3":{"name":"showSection","decl":{"start":{"line":74,"column":9},"end":{"line":74,"column":20}},"loc":{"start":{"line":74,"column":30},"end":{"line":97,"column":1}},"line":74},"4":{"name":"(anonymous_4)","decl":{"start":{"line":76,"column":63},"end":{"line":76,"column":64}},"loc":{"start":{"line":76,"column":68},"end":{"line":76,"column":93}},"line":76},"5":{"name":"(anonymous_5)","decl":{"start":{"line":82,"column":48},"end":{"line":82,"column":49}},"loc":{"start":{"line":82,"column":55},"end":{"line":82,"column":85}},"line":82},"6":{"name":"loadTasks","decl":{"start":{"line":102,"column":15},"end":{"line":102,"column":24}},"loc":{"start":{"line":102,"column":27},"end":{"line":131,"column":1}},"line":102},"7":{"name":"renderTasks","decl":{"start":{"line":134,"column":9},"end":{"line":134,"column":20}},"loc":{"start":{"line":134,"column":23},"end":{"line":176,"column":1}},"line":134},"8":{"name":"(anonymous_8)","decl":{"start":{"line":146,"column":40},"end":{"line":146,"column":41}},"loc":{"start":{"line":146,"column":57},"end":{"line":175,"column":3}},"line":146},"9":{"name":"toggleTask","decl":{"start":{"line":179,"column":15},"end":{"line":179,"column":25}},"loc":{"start":{"line":179,"column":30},"end":{"line":194,"column":1}},"line":179},"10":{"name":"(anonymous_10)","decl":{"start":{"line":180,"column":33},"end":{"line":180,"column":34}},"loc":{"start":{"line":180,"column":38},"end":{"line":180,"column":49}},"line":180},"11":{"name":"openTaskModal","decl":{"start":{"line":197,"column":9},"end":{"line":197,"column":22}},"loc":{"start":{"line":197,"column":38},"end":{"line":223,"column":1}},"line":197},"12":{"name":"(anonymous_12)","decl":{"start":{"line":206,"column":35},"end":{"line":206,"column":36}},"loc":{"start":{"line":206,"column":40},"end":{"line":206,"column":55}},"line":206},"13":{"name":"closeTaskModal","decl":{"start":{"line":225,"column":9},"end":{"line":225,"column":23}},"loc":{"start":{"line":225,"column":26},"end":{"line":229,"column":1}},"line":225},"14":{"name":"editTask","decl":{"start":{"line":231,"column":9},"end":{"line":231,"column":17}},"loc":{"start":{"line":231,"column":22},"end":{"line":233,"column":1}},"line":231},"15":{"name":"(anonymous_15)","decl":{"start":{"line":236,"column":63},"end":{"line":236,"column":64}},"loc":{"start":{"line":236,"column":76},"end":{"line":271,"column":1}},"line":236},"16":{"name":"renderCalendar","decl":{"start":{"line":276,"column":9},"end":{"line":276,"column":23}},"loc":{"start":{"line":276,"column":26},"end":{"line":309,"column":1}},"line":276},"17":{"name":"(anonymous_17)","decl":{"start":{"line":297,"column":40},"end":{"line":297,"column":41}},"loc":{"start":{"line":297,"column":45},"end":{"line":297,"column":69}},"line":297},"18":{"name":"prevMonth","decl":{"start":{"line":311,"column":9},"end":{"line":311,"column":18}},"loc":{"start":{"line":311,"column":21},"end":{"line":319,"column":1}},"line":311},"19":{"name":"nextMonth","decl":{"start":{"line":321,"column":9},"end":{"line":321,"column":18}},"loc":{"start":{"line":321,"column":21},"end":{"line":329,"column":1}},"line":321},"20":{"name":"selectDate","decl":{"start":{"line":331,"column":9},"end":{"line":331,"column":19}},"loc":{"start":{"line":331,"column":29},"end":{"line":334,"column":1}},"line":331},"21":{"name":"loadEvents","decl":{"start":{"line":337,"column":15},"end":{"line":337,"column":25}},"loc":{"start":{"line":337,"column":28},"end":{"line":351,"column":1}},"line":337},"22":{"name":"renderEvents","decl":{"start":{"line":354,"column":9},"end":{"line":354,"column":21}},"loc":{"start":{"line":354,"column":24},"end":{"line":387,"column":1}},"line":354},"23":{"name":"(anonymous_23)","decl":{"start":{"line":366,"column":43},"end":{"line":366,"column":44}},"loc":{"start":{"line":366,"column":52},"end":{"line":386,"column":3}},"line":366},"24":{"name":"openEventModal","decl":{"start":{"line":390,"column":9},"end":{"line":390,"column":23}},"loc":{"start":{"line":390,"column":40},"end":{"line":417,"column":1}},"line":390},"25":{"name":"(anonymous_25)","decl":{"start":{"line":400,"column":37},"end":{"line":400,"column":38}},"loc":{"start":{"line":400,"column":42},"end":{"line":400,"column":58}},"line":400},"26":{"name":"closeEventModal","decl":{"start":{"line":419,"column":9},"end":{"line":419,"column":24}},"loc":{"start":{"line":419,"column":27},"end":{"line":423,"column":1}},"line":419},"27":{"name":"editEvent","decl":{"start":{"line":425,"column":9},"end":{"line":425,"column":18}},"loc":{"start":{"line":425,"column":23},"end":{"line":427,"column":1}},"line":425},"28":{"name":"selectEventColor","decl":{"start":{"line":429,"column":9},"end":{"line":429,"column":25}},"loc":{"start":{"line":429,"column":38},"end":{"line":438,"column":1}},"line":429},"29":{"name":"(anonymous_29)","decl":{"start":{"line":431,"column":50},"end":{"line":431,"column":51}},"loc":{"start":{"line":431,"column":57},"end":{"line":434,"column":3}},"line":431},"30":{"name":"(anonymous_30)","decl":{"start":{"line":441,"column":64},"end":{"line":441,"column":65}},"loc":{"start":{"line":441,"column":77},"end":{"line":476,"column":1}},"line":441},"31":{"name":"openDeleteModal","decl":{"start":{"line":480,"column":9},"end":{"line":480,"column":24}},"loc":{"start":{"line":480,"column":35},"end":{"line":486,"column":1}},"line":480},"32":{"name":"closeDeleteModal","decl":{"start":{"line":488,"column":9},"end":{"line":488,"column":25}},"loc":{"start":{"line":488,"column":28},"end":{"line":494,"column":1}},"line":488},"33":{"name":"confirmDelete","decl":{"start":{"line":496,"column":15},"end":{"line":496,"column":28}},"loc":{"start":{"line":496,"column":31},"end":{"line":517,"column":1}},"line":496},"34":{"name":"updateStats","decl":{"start":{"line":521,"column":9},"end":{"line":521,"column":20}},"loc":{"start":{"line":521,"column":23},"end":{"line":555,"column":1}},"line":521},"35":{"name":"(anonymous_35)","decl":{"start":{"line":523,"column":40},"end":{"line":523,"column":41}},"loc":{"start":{"line":523,"column":45},"end":{"line":523,"column":56}},"line":523},"36":{"name":"(anonymous_36)","decl":{"start":{"line":534,"column":23},"end":{"line":534,"column":24}},"loc":{"start":{"line":534,"column":31},"end":{"line":540,"column":3}},"line":534},"37":{"name":"(anonymous_37)","decl":{"start":{"line":543,"column":59},"end":{"line":543,"column":60}},"loc":{"start":{"line":543,"column":77},"end":{"line":554,"column":3}},"line":543},"38":{"name":"escapeHtml","decl":{"start":{"line":559,"column":9},"end":{"line":559,"column":19}},"loc":{"start":{"line":559,"column":26},"end":{"line":563,"column":1}},"line":559},"39":{"name":"formatDate","decl":{"start":{"line":565,"column":9},"end":{"line":565,"column":19}},"loc":{"start":{"line":565,"column":29},"end":{"line":569,"column":1}},"line":565},"40":{"name":"showToast","decl":{"start":{"line":571,"column":9},"end":{"line":571,"column":18}},"loc":{"start":{"line":571,"column":46},"end":{"line":587,"column":1}},"line":571},"41":{"name":"(anonymous_41)","decl":{"start":{"line":584,"column":13},"end":{"line":584,"column":14}},"loc":{"start":{"line":584,"column":19},"end":{"line":586,"column":3}},"line":584},"42":{"name":"debounce","decl":{"start":{"line":594,"column":9},"end":{"line":594,"column":17}},"loc":{"start":{"line":594,"column":30},"end":{"line":604,"column":1}},"line":594},"43":{"name":"executedFunction","decl":{"start":{"line":596,"column":18},"end":{"line":596,"column":34}},"loc":{"start":{"line":596,"column":44},"end":{"line":603,"column":3}},"line":596},"44":{"name":"(anonymous_44)","decl":{"start":{"line":597,"column":18},"end":{"line":597,"column":19}},"loc":{"start":{"line":597,"column":24},"end":{"line":600,"column":5}},"line":597},"45":{"name":"init","decl":{"start":{"line":607,"column":15},"end":{"line":607,"column":19}},"loc":{"start":{"line":607,"column":22},"end":{"line":612,"column":1}},"line":607}},"branchMap":{"0":{"loc":{"start":{"line":37,"column":4},"end":{"line":40,"column":5}},"type":"if","locations":[{"start":{"line":37,"column":4},"end":{"line":40,"column":5}},{"start":{},"end":{}}],"line":37},"1":{"loc":{"start":{"line":43,"column":4},"end":{"line":46,"column":5}},"type":"if","locations":[{"start":{"line":43,"column":4},"end":{"line":46,"column":5}},{"start":{},"end":{}}],"line":43},"2":{"loc":{"start":{"line":86,"column":2},"end":{"line":88,"column":3}},"type":"if","locations":[{"start":{"line":86,"column":2},"end":{"line":88,"column":3}},{"start":{},"end":{}}],"line":86},"3":{"loc":{"start":{"line":91,"column":2},"end":{"line":96,"column":3}},"type":"if","locations":[{"start":{"line":91,"column":2},"end":{"line":96,"column":3}},{"start":{"line":94,"column":9},"end":{"line":96,"column":3}}],"line":91},"4":{"loc":{"start":{"line":94,"column":9},"end":{"line":96,"column":3}},"type":"if","locations":[{"start":{"line":94,"column":9},"end":{"line":96,"column":3}},{"start":{},"end":{}}],"line":94},"5":{"loc":{"start":{"line":109,"column":2},"end":{"line":109,"column":46}},"type":"if","locations":[{"start":{"line":109,"column":2},"end":{"line":109,"column":46}},{"start":{},"end":{}}],"line":109},"6":{"loc":{"start":{"line":110,"column":2},"end":{"line":110,"column":52}},"type":"if","locations":[{"start":{"line":110,"column":2},"end":{"line":110,"column":52}},{"start":{},"end":{}}],"line":110},"7":{"loc":{"start":{"line":111,"column":2},"end":{"line":111,"column":52}},"type":"if","locations":[{"start":{"line":111,"column":2},"end":{"line":111,"column":52}},{"start":{},"end":{}}],"line":111},"8":{"loc":{"start":{"line":112,"column":2},"end":{"line":112,"column":56}},"type":"if","locations":[{"start":{"line":112,"column":2},"end":{"line":112,"column":56}},{"start":{},"end":{}}],"line":112},"9":{"loc":{"start":{"line":116,"column":4},"end":{"line":122,"column":5}},"type":"if","locations":[{"start":{"line":116,"column":4},"end":{"line":122,"column":5}},{"start":{},"end":{}}],"line":116},"10":{"loc":{"start":{"line":117,"column":6},"end":{"line":120,"column":7}},"type":"if","locations":[{"start":{"line":117,"column":6},"end":{"line":120,"column":7}},{"start":{},"end":{}}],"line":117},"11":{"loc":{"start":{"line":138,"column":2},"end":{"line":142,"column":3}},"type":"if","locations":[{"start":{"line":138,"column":2},"end":{"line":142,"column":3}},{"start":{},"end":{}}],"line":138},"12":{"loc":{"start":{"line":147,"column":28},"end":{"line":147,"column":61}},"type":"cond-expr","locations":[{"start":{"line":147,"column":45},"end":{"line":147,"column":56}},{"start":{"line":147,"column":59},"end":{"line":147,"column":61}}],"line":147},"13":{"loc":{"start":{"line":148,"column":36},"end":{"line":148,"column":67}},"type":"cond-expr","locations":[{"start":{"line":148,"column":53},"end":{"line":148,"column":62}},{"start":{"line":148,"column":65},"end":{"line":148,"column":67}}],"line":148},"14":{"loc":{"start":{"line":155,"column":10},"end":{"line":155,"column":113}},"type":"cond-expr","locations":[{"start":{"line":155,"column":29},"end":{"line":155,"column":108}},{"start":{"line":155,"column":111},"end":{"line":155,"column":113}}],"line":155},"15":{"loc":{"start":{"line":157,"column":67},"end":{"line":157,"column":113}},"type":"binary-expr","locations":[{"start":{"line":157,"column":67},"end":{"line":157,"column":96}},{"start":{"line":157,"column":100},"end":{"line":157,"column":113}}],"line":157},"16":{"loc":{"start":{"line":158,"column":41},"end":{"line":158,"column":87}},"type":"binary-expr","locations":[{"start":{"line":158,"column":41},"end":{"line":158,"column":70}},{"start":{"line":158,"column":74},"end":{"line":158,"column":87}}],"line":158},"17":{"loc":{"start":{"line":159,"column":12},"end":{"line":159,"column":106}},"type":"cond-expr","locations":[{"start":{"line":159,"column":28},"end":{"line":159,"column":101}},{"start":{"line":159,"column":104},"end":{"line":159,"column":106}}],"line":159},"18":{"loc":{"start":{"line":181,"column":2},"end":{"line":181,"column":20}},"type":"if","locations":[{"start":{"line":181,"column":2},"end":{"line":181,"column":20}},{"start":{},"end":{}}],"line":181},"19":{"loc":{"start":{"line":197,"column":23},"end":{"line":197,"column":36}},"type":"default-arg","locations":[{"start":{"line":197,"column":32},"end":{"line":197,"column":36}}],"line":197},"20":{"loc":{"start":{"line":205,"column":2},"end":{"line":218,"column":3}},"type":"if","locations":[{"start":{"line":205,"column":2},"end":{"line":218,"column":3}},{"start":{"line":216,"column":9},"end":{"line":218,"column":3}}],"line":205},"21":{"loc":{"start":{"line":207,"column":4},"end":{"line":215,"column":5}},"type":"if","locations":[{"start":{"line":207,"column":4},"end":{"line":215,"column":5}},{"start":{},"end":{}}],"line":207},"22":{"loc":{"start":{"line":211,"column":57},"end":{"line":211,"column":79}},"type":"binary-expr","locations":[{"start":{"line":211,"column":57},"end":{"line":211,"column":73}},{"start":{"line":211,"column":77},"end":{"line":211,"column":79}}],"line":211},"23":{"loc":{"start":{"line":212,"column":53},"end":{"line":212,"column":101}},"type":"cond-expr","locations":[{"start":{"line":212,"column":69},"end":{"line":212,"column":96}},{"start":{"line":212,"column":99},"end":{"line":212,"column":101}}],"line":212},"24":{"loc":{"start":{"line":243,"column":13},"end":{"line":243,"column":65}},"type":"binary-expr","locations":[{"start":{"line":243,"column":13},"end":{"line":243,"column":57}},{"start":{"line":243,"column":61},"end":{"line":243,"column":65}}],"line":243},"25":{"loc":{"start":{"line":249,"column":4},"end":{"line":265,"column":5}},"type":"if","locations":[{"start":{"line":249,"column":4},"end":{"line":265,"column":5}},{"start":{"line":257,"column":11},"end":{"line":265,"column":5}}],"line":249},"26":{"loc":{"start":{"line":298,"column":20},"end":{"line":298,"column":119}},"type":"binary-expr","locations":[{"start":{"line":298,"column":20},"end":{"line":298,"column":43}},{"start":{"line":298,"column":47},"end":{"line":298,"column":80}},{"start":{"line":298,"column":84},"end":{"line":298,"column":119}}],"line":298},"27":{"loc":{"start":{"line":301,"column":33},"end":{"line":301,"column":55}},"type":"cond-expr","locations":[{"start":{"line":301,"column":43},"end":{"line":301,"column":50}},{"start":{"line":301,"column":53},"end":{"line":301,"column":55}}],"line":301},"28":{"loc":{"start":{"line":301,"column":59},"end":{"line":301,"column":86}},"type":"cond-expr","locations":[{"start":{"line":301,"column":70},"end":{"line":301,"column":81}},{"start":{"line":301,"column":84},"end":{"line":301,"column":86}}],"line":301},"29":{"loc":{"start":{"line":313,"column":2},"end":{"line":316,"column":3}},"type":"if","locations":[{"start":{"line":313,"column":2},"end":{"line":316,"column":3}},{"start":{},"end":{}}],"line":313},"30":{"loc":{"start":{"line":323,"column":2},"end":{"line":326,"column":3}},"type":"if","locations":[{"start":{"line":323,"column":2},"end":{"line":326,"column":3}},{"start":{},"end":{}}],"line":323},"31":{"loc":{"start":{"line":343,"column":4},"end":{"line":343,"column":63}},"type":"if","locations":[{"start":{"line":343,"column":4},"end":{"line":343,"column":63}},{"start":{},"end":{}}],"line":343},"32":{"loc":{"start":{"line":358,"column":2},"end":{"line":362,"column":3}},"type":"if","locations":[{"start":{"line":358,"column":2},"end":{"line":362,"column":3}},{"start":{},"end":{}}],"line":358},"33":{"loc":{"start":{"line":368,"column":56},"end":{"line":368,"column":80}},"type":"binary-expr","locations":[{"start":{"line":368,"column":56},"end":{"line":368,"column":67}},{"start":{"line":368,"column":71},"end":{"line":368,"column":80}}],"line":368},"34":{"loc":{"start":{"line":371,"column":75},"end":{"line":371,"column":97}},"type":"binary-expr","locations":[{"start":{"line":371,"column":75},"end":{"line":371,"column":91}},{"start":{"line":371,"column":95},"end":{"line":371,"column":97}}],"line":371},"35":{"loc":{"start":{"line":390,"column":24},"end":{"line":390,"column":38}},"type":"default-arg","locations":[{"start":{"line":390,"column":34},"end":{"line":390,"column":38}}],"line":390},"36":{"loc":{"start":{"line":399,"column":2},"end":{"line":412,"column":3}},"type":"if","locations":[{"start":{"line":399,"column":2},"end":{"line":412,"column":3}},{"start":{"line":410,"column":9},"end":{"line":412,"column":3}}],"line":399},"37":{"loc":{"start":{"line":401,"column":4},"end":{"line":409,"column":5}},"type":"if","locations":[{"start":{"line":401,"column":4},"end":{"line":409,"column":5}},{"start":{},"end":{}}],"line":401},"38":{"loc":{"start":{"line":405,"column":58},"end":{"line":405,"column":81}},"type":"binary-expr","locations":[{"start":{"line":405,"column":58},"end":{"line":405,"column":75}},{"start":{"line":405,"column":79},"end":{"line":405,"column":81}}],"line":405},"39":{"loc":{"start":{"line":407,"column":51},"end":{"line":407,"column":73}},"type":"binary-expr","locations":[{"start":{"line":407,"column":51},"end":{"line":407,"column":67}},{"start":{"line":407,"column":71},"end":{"line":407,"column":73}}],"line":407},"40":{"loc":{"start":{"line":408,"column":23},"end":{"line":408,"column":47}},"type":"binary-expr","locations":[{"start":{"line":408,"column":23},"end":{"line":408,"column":34}},{"start":{"line":408,"column":38},"end":{"line":408,"column":47}}],"line":408},"41":{"loc":{"start":{"line":435,"column":2},"end":{"line":437,"column":3}},"type":"if","locations":[{"start":{"line":435,"column":2},"end":{"line":437,"column":3}},{"start":{},"end":{}}],"line":435},"42":{"loc":{"start":{"line":435,"column":6},"end":{"line":435,"column":23}},"type":"binary-expr","locations":[{"start":{"line":435,"column":6},"end":{"line":435,"column":9}},{"start":{"line":435,"column":13},"end":{"line":435,"column":23}}],"line":435},"43":{"loc":{"start":{"line":449,"column":15},"end":{"line":449,"column":65}},"type":"binary-expr","locations":[{"start":{"line":449,"column":15},"end":{"line":449,"column":57}},{"start":{"line":449,"column":61},"end":{"line":449,"column":65}}],"line":449},"44":{"loc":{"start":{"line":454,"column":4},"end":{"line":470,"column":5}},"type":"if","locations":[{"start":{"line":454,"column":4},"end":{"line":470,"column":5}},{"start":{"line":462,"column":11},"end":{"line":470,"column":5}}],"line":454},"45":{"loc":{"start":{"line":497,"column":2},"end":{"line":497,"column":43}},"type":"if","locations":[{"start":{"line":497,"column":2},"end":{"line":497,"column":43}},{"start":{},"end":{}}],"line":497},"46":{"loc":{"start":{"line":497,"column":6},"end":{"line":497,"column":34}},"type":"binary-expr","locations":[{"start":{"line":497,"column":6},"end":{"line":497,"column":19}},{"start":{"line":497,"column":23},"end":{"line":497,"column":34}}],"line":497},"47":{"loc":{"start":{"line":499,"column":14},"end":{"line":499,"column":60}},"type":"cond-expr","locations":[{"start":{"line":499,"column":38},"end":{"line":499,"column":45}},{"start":{"line":499,"column":48},"end":{"line":499,"column":60}}],"line":499},"48":{"loc":{"start":{"line":506,"column":17},"end":{"line":506,"column":62}},"type":"cond-expr","locations":[{"start":{"line":506,"column":41},"end":{"line":506,"column":48}},{"start":{"line":506,"column":51},"end":{"line":506,"column":62}}],"line":506},"49":{"loc":{"start":{"line":509,"column":4},"end":{"line":513,"column":5}},"type":"if","locations":[{"start":{"line":509,"column":4},"end":{"line":513,"column":5}},{"start":{"line":511,"column":11},"end":{"line":513,"column":5}}],"line":509},"50":{"loc":{"start":{"line":525,"column":15},"end":{"line":525,"column":68}},"type":"cond-expr","locations":[{"start":{"line":525,"column":27},"end":{"line":525,"column":64}},{"start":{"line":525,"column":67},"end":{"line":525,"column":68}}],"line":525},"51":{"loc":{"start":{"line":535,"column":4},"end":{"line":537,"column":5}},"type":"if","locations":[{"start":{"line":535,"column":4},"end":{"line":537,"column":5}},{"start":{},"end":{}}],"line":535},"52":{"loc":{"start":{"line":539,"column":4},"end":{"line":539,"column":62}},"type":"if","locations":[{"start":{"line":539,"column":4},"end":{"line":539,"column":62}},{"start":{},"end":{}}],"line":539},"53":{"loc":{"start":{"line":543,"column":28},"end":{"line":554,"column":84}},"type":"binary-expr","locations":[{"start":{"line":543,"column":28},"end":{"line":554,"column":13}},{"start":{"line":554,"column":17},"end":{"line":554,"column":84}}],"line":543},"54":{"loc":{"start":{"line":547,"column":62},"end":{"line":547,"column":88}},"type":"binary-expr","locations":[{"start":{"line":547,"column":62},"end":{"line":547,"column":81}},{"start":{"line":547,"column":85},"end":{"line":547,"column":88}}],"line":547},"55":{"loc":{"start":{"line":566,"column":2},"end":{"line":566,"column":26}},"type":"if","locations":[{"start":{"line":566,"column":2},"end":{"line":566,"column":26}},{"start":{},"end":{}}],"line":566},"56":{"loc":{"start":{"line":571,"column":28},"end":{"line":571,"column":44}},"type":"default-arg","locations":[{"start":{"line":571,"column":35},"end":{"line":571,"column":44}}],"line":571},"57":{"loc":{"start":{"line":575,"column":26},"end":{"line":575,"column":80}},"type":"cond-expr","locations":[{"start":{"line":575,"column":47},"end":{"line":575,"column":63}},{"start":{"line":575,"column":66},"end":{"line":575,"column":80}}],"line":575},"58":{"loc":{"start":{"line":576,"column":8},"end":{"line":578,"column":110}},"type":"cond-expr","locations":[{"start":{"line":577,"column":6},"end":{"line":577,"column":104}},{"start":{"line":578,"column":6},"end":{"line":578,"column":110}}],"line":576},"59":{"loc":{"start":{"line":609,"column":2},"end":{"line":611,"column":3}},"type":"if","locations":[{"start":{"line":609,"column":2},"end":{"line":611,"column":3}},{"start":{},"end":{}}],"line":609}},"s":{"0":0,"1":0,"2":0,"3":0,"4":0,"5":0,"6":0,"7":0,"8":0,"9":0,"10":0,"11":0,"12":0,"13":0,"14":0,"15":0,"16":0,"17":0,"18":0,"19":0,"20":0,"21":0,"22":0,"23":0,"24":0,"25":0,"26":0,"27":0,"28":0,"29":0,"30":0,"31":0,"32":0,"33":0,"34":0,"35":0,"36":0,"37":0,"38":0,"39":0,"40":0,"41":0,"42":0,"43":0,"44":0,"45":0,"46":0,"47":0,"48":0,"49":0,"50":0,"51":0,"52":0,"53":0,"54":0,"55":0,"56":0,"57":0,"58":0,"59":0,"60":0,"61":0,"62":0,"63":0,"64":0,"65":0,"66":0,"67":0,"68":0,"69":0,"70":0,"71":0,"72":0,"73":0,"74":0,"75":0,"76":0,"77":0,"78":0,"79":0,"80":0,"81":0,"82":0,"83":0,"84":0,"85":0,"86":0,"87":0,"88":0,"89":0,"90":0,"91":0,"92":0,"93":0,"94":0,"95":0,"96":0,"97":0,"98":0,"99":0,"100":0,"101":0,"102":0,"103":0,"104":0,"105":0,"106":0,"107":0,"108":0,"109":0,"110":0,"111":0,"112":0,"113":0,"114":0,"115":0,"116":0,"117":0,"118":0,"119":0,"120":0,"121":0,"122":0,"123":0,"124":0,"125":0,"126":0,"127":0,"128":0,"129":0,"130":0,"131":0,"132":0,"133":0,"134":0,"135":0,"136":0,"137":0,"138":0,"139":0,"140":0,"141":0,"142":0,"143":0,"144":0,"145":0,"146":0,"147":0,"148":0,"149":0,"150":0,"151":0,"152":0,"153":0,"154":0,"155":0,"156":0,"157":0,"158":0,"159":0,"160":0,"161":0,"162":0,"163":0,"164":0,"165":0,"166":0,"167":0,"168":0,"169":0,"170":0,"171":0,"172":0,"173":0,"174":0,"175":0,"176":0,"177":0,"178":0,"179":0,"180":0,"181":0,"182":0,"183":0,"184":0,"185":0,"186":0,"187":0,"188":0,"189":0,"190":0,"191":0,"192":0,"193":0,"194":0,"195":0,"196":0,"197":0,"198":0,"199":0,"200":0,"201":0,"202":0,"203":0,"204":0,"205":0,"206":0,"207":0,"208":0,"209":0,"210":0,"211":0,"212":0,"213":0,"214":0,"215":0,"216":0,"217":0,"218":0,"219":0,"220":0,"221":0,"222":0,"223":0,"224":0,"225":0,"226":0,"227":0,"228":0,"229":0,"230":0,"231":0,"232":0,"233":0,"234":0,"235":0,"236":0,"237":0,"238":0,"239":0,"240":0,"241":0,"242":0,"243":0,"244":0,"245":0,"246":0,"247":0,"248":0,"249":0,"250":0,"251":0,"252":0,"253":0,"254":0,"255":0,"256":0,"257":0,"258":0,"259":0,"260":0,"261":0,"262":0,"263":0,"264":0,"265":0,"266":0,"267":0,"268":0,"269":0,"270":0,"271":0,"272":0,"273":0,"274":0,"275":0,"276":0,"277":0,"278":0,"279":0,"280":0},"f":{"0":0,"1":0,"2":0,"3":0,"4":0,"5":0,"6":0,"7":0,"8":0,"9":0,"10":0,"11":0,"12":0,"13":0,"14":0,"15":0,"16":0,"17":0,"18":0,"19":0,"20":0,"21":0,"22":0,"23":0,"24":0,"25":0,"26":0,"27":0,"28":0,"29":0,"30":0,"31":0,"32":0,"33":0,"34":0,"35":0,"36":0,"37":0,"38":0,"39":0,"40":0,"41":0,"42":0,"43":0,"44":0,"45":0},"b":{"0":[0,0],"1":[0,0],"2":[0,0],"3":[0,0],"4":[0,0],"5":[0,0],"6":[0,0],"7":[0,0],"8":[0,0],"9":[0,0],"10":[0,0],"11":[0,0],"12":[0,0],"13":[0,0],"14":[0,0],"15":[0,0],"16":[0,0],"17":[0,0],"18":[0,0],"19":[0],"20":[0,0],"21":[0,0],"22":[0,0],"23":[0,0],"24":[0,0],"25":[0,0],"26":[0,0,0],"27":[0,0],"28":[0,0],"29":[0,0],"30":[0,0],"31":[0,0],"32":[0,0],"33":[0,0],"34":[0,0],"35":[0],"36":[0,0],"37":[0,0],"38":[0,0],"39":[0,0],"40":[0,0],"41":[0,0],"42":[0,0],"43":[0,0],"44":[0,0],"45":[0,0],"46":[0,0],"47":[0,0],"48":[0,0],"49":[0,0],"50":[0,0],"51":[0,0],"52":[0,0],"53":[0,0],"54":[0,0],"55":[0,0],"56":[0],"57":[0,0],"58":[0,0],"59":[0,0]}}
,"C:\\Users\\merye\\todo-app\\src\\models\\calendarModel.js": {"path":"C:\\Users\\merye\\todo-app\\src\\models\\calendarModel.js","statementMap":{"0":{"start":{"line":1,"column":11},"end":{"line":1,"column":33}},"1":{"start":{"line":3,"column":22},"end":{"line":90,"column":1}},"2":{"start":{"line":5,"column":16},"end":{"line":5,"column":105}},"3":{"start":{"line":6,"column":4},"end":{"line":9,"column":7}},"4":{"start":{"line":7,"column":6},"end":{"line":7,"column":36}},"5":{"start":{"line":7,"column":15},"end":{"line":7,"column":36}},"6":{"start":{"line":8,"column":6},"end":{"line":8,"column":27}},"7":{"start":{"line":13,"column":22},"end":{"line":13,"column":68}},"8":{"start":{"line":14,"column":20},"end":{"line":16,"column":58}},"9":{"start":{"line":18,"column":16},"end":{"line":20,"column":57}},"10":{"start":{"line":22,"column":4},"end":{"line":25,"column":7}},"11":{"start":{"line":23,"column":6},"end":{"line":23,"column":36}},"12":{"start":{"line":23,"column":15},"end":{"line":23,"column":36}},"13":{"start":{"line":24,"column":6},"end":{"line":24,"column":27}},"14":{"start":{"line":29,"column":16},"end":{"line":29,"column":76}},"15":{"start":{"line":30,"column":4},"end":{"line":33,"column":7}},"16":{"start":{"line":31,"column":6},"end":{"line":31,"column":36}},"17":{"start":{"line":31,"column":15},"end":{"line":31,"column":36}},"18":{"start":{"line":32,"column":6},"end":{"line":32,"column":26}},"19":{"start":{"line":37,"column":64},"end":{"line":37,"column":73}},"20":{"start":{"line":38,"column":16},"end":{"line":39,"column":43}},"21":{"start":{"line":41,"column":4},"end":{"line":49,"column":7}},"22":{"start":{"line":42,"column":6},"end":{"line":42,"column":36}},"23":{"start":{"line":42,"column":15},"end":{"line":42,"column":36}},"24":{"start":{"line":43,"column":6},"end":{"line":48,"column":9}},"25":{"start":{"line":53,"column":19},"end":{"line":53,"column":21}},"26":{"start":{"line":54,"column":19},"end":{"line":54,"column":21}},"27":{"start":{"line":56,"column":21},"end":{"line":62,"column":5}},"28":{"start":{"line":64,"column":4},"end":{"line":69,"column":5}},"29":{"start":{"line":65,"column":6},"end":{"line":68,"column":7}},"30":{"start":{"line":66,"column":8},"end":{"line":66,"column":44}},"31":{"start":{"line":67,"column":8},"end":{"line":67,"column":27}},"32":{"start":{"line":71,"column":4},"end":{"line":71,"column":57}},"33":{"start":{"line":71,"column":29},"end":{"line":71,"column":57}},"34":{"start":{"line":73,"column":4},"end":{"line":73,"column":28}},"35":{"start":{"line":74,"column":16},"end":{"line":74,"column":94}},"36":{"start":{"line":76,"column":4},"end":{"line":80,"column":7}},"37":{"start":{"line":77,"column":6},"end":{"line":77,"column":36}},"38":{"start":{"line":77,"column":15},"end":{"line":77,"column":36}},"39":{"start":{"line":78,"column":6},"end":{"line":78,"column":58}},"40":{"start":{"line":78,"column":30},"end":{"line":78,"column":58}},"41":{"start":{"line":79,"column":6},"end":{"line":79,"column":41}},"42":{"start":{"line":84,"column":16},"end":{"line":84,"column":74}},"43":{"start":{"line":85,"column":4},"end":{"line":88,"column":7}},"44":{"start":{"line":86,"column":6},"end":{"line":86,"column":36}},"45":{"start":{"line":86,"column":15},"end":{"line":86,"column":36}},"46":{"start":{"line":87,"column":6},"end":{"line":87,"column":39}},"47":{"start":{"line":92,"column":0},"end":{"line":92,"column":31}}},"fnMap":{"0":{"name":"(anonymous_0)","decl":{"start":{"line":4,"column":10},"end":{"line":4,"column":11}},"loc":{"start":{"line":4,"column":32},"end":{"line":10,"column":3}},"line":4},"1":{"name":"(anonymous_1)","decl":{"start":{"line":6,"column":26},"end":{"line":6,"column":27}},"loc":{"start":{"line":6,"column":41},"end":{"line":9,"column":5}},"line":6},"2":{"name":"(anonymous_2)","decl":{"start":{"line":12,"column":14},"end":{"line":12,"column":15}},"loc":{"start":{"line":12,"column":49},"end":{"line":26,"column":3}},"line":12},"3":{"name":"(anonymous_3)","decl":{"start":{"line":22,"column":46},"end":{"line":22,"column":47}},"loc":{"start":{"line":22,"column":61},"end":{"line":25,"column":5}},"line":22},"4":{"name":"(anonymous_4)","decl":{"start":{"line":28,"column":11},"end":{"line":28,"column":12}},"loc":{"start":{"line":28,"column":37},"end":{"line":34,"column":3}},"line":28},"5":{"name":"(anonymous_5)","decl":{"start":{"line":30,"column":30},"end":{"line":30,"column":31}},"loc":{"start":{"line":30,"column":44},"end":{"line":33,"column":5}},"line":30},"6":{"name":"(anonymous_6)","decl":{"start":{"line":36,"column":10},"end":{"line":36,"column":11}},"loc":{"start":{"line":36,"column":43},"end":{"line":50,"column":3}},"line":36},"7":{"name":"(anonymous_7)","decl":{"start":{"line":41,"column":88},"end":{"line":41,"column":89}},"loc":{"start":{"line":41,"column":102},"end":{"line":49,"column":5}},"line":41},"8":{"name":"(anonymous_8)","decl":{"start":{"line":52,"column":10},"end":{"line":52,"column":11}},"loc":{"start":{"line":52,"column":45},"end":{"line":81,"column":3}},"line":52},"9":{"name":"(anonymous_9)","decl":{"start":{"line":76,"column":24},"end":{"line":76,"column":25}},"loc":{"start":{"line":76,"column":38},"end":{"line":80,"column":5}},"line":76},"10":{"name":"(anonymous_10)","decl":{"start":{"line":83,"column":10},"end":{"line":83,"column":11}},"loc":{"start":{"line":83,"column":36},"end":{"line":89,"column":3}},"line":83},"11":{"name":"(anonymous_11)","decl":{"start":{"line":85,"column":30},"end":{"line":85,"column":31}},"loc":{"start":{"line":85,"column":44},"end":{"line":88,"column":5}},"line":85}},"branchMap":{"0":{"loc":{"start":{"line":7,"column":6},"end":{"line":7,"column":36}},"type":"if","locations":[{"start":{"line":7,"column":6},"end":{"line":7,"column":36}},{"start":{},"end":{}}],"line":7},"1":{"loc":{"start":{"line":14,"column":20},"end":{"line":16,"column":58}},"type":"cond-expr","locations":[{"start":{"line":15,"column":8},"end":{"line":15,"column":27}},{"start":{"line":16,"column":8},"end":{"line":16,"column":58}}],"line":14},"2":{"loc":{"start":{"line":23,"column":6},"end":{"line":23,"column":36}},"type":"if","locations":[{"start":{"line":23,"column":6},"end":{"line":23,"column":36}},{"start":{},"end":{}}],"line":23},"3":{"loc":{"start":{"line":31,"column":6},"end":{"line":31,"column":36}},"type":"if","locations":[{"start":{"line":31,"column":6},"end":{"line":31,"column":36}},{"start":{},"end":{}}],"line":31},"4":{"loc":{"start":{"line":41,"column":67},"end":{"line":41,"column":85}},"type":"binary-expr","locations":[{"start":{"line":41,"column":67},"end":{"line":41,"column":72}},{"start":{"line":41,"column":76},"end":{"line":41,"column":85}}],"line":41},"5":{"loc":{"start":{"line":42,"column":6},"end":{"line":42,"column":36}},"type":"if","locations":[{"start":{"line":42,"column":6},"end":{"line":42,"column":36}},{"start":{},"end":{}}],"line":42},"6":{"loc":{"start":{"line":65,"column":6},"end":{"line":68,"column":7}},"type":"if","locations":[{"start":{"line":65,"column":6},"end":{"line":68,"column":7}},{"start":{},"end":{}}],"line":65},"7":{"loc":{"start":{"line":71,"column":4},"end":{"line":71,"column":57}},"type":"if","locations":[{"start":{"line":71,"column":4},"end":{"line":71,"column":57}},{"start":{},"end":{}}],"line":71},"8":{"loc":{"start":{"line":77,"column":6},"end":{"line":77,"column":36}},"type":"if","locations":[{"start":{"line":77,"column":6},"end":{"line":77,"column":36}},{"start":{},"end":{}}],"line":77},"9":{"loc":{"start":{"line":78,"column":6},"end":{"line":78,"column":58}},"type":"if","locations":[{"start":{"line":78,"column":6},"end":{"line":78,"column":58}},{"start":{},"end":{}}],"line":78},"10":{"loc":{"start":{"line":86,"column":6},"end":{"line":86,"column":36}},"type":"if","locations":[{"start":{"line":86,"column":6},"end":{"line":86,"column":36}},{"start":{},"end":{}}],"line":86}},"s":{"0":1,"1":1,"2":1,"3":1,"4":1,"5":0,"6":1,"7":1,"8":1,"9":1,"10":1,"11":1,"12":0,"13":1,"14":0,"15":0,"16":0,"17":0,"18":0,"19":1,"20":1,"21":1,"22":1,"23":0,"24":1,"25":1,"26":1,"27":1,"28":1,"29":1,"30":1,"31":1,"32":1,"33":0,"34":1,"35":1,"36":1,"37":1,"38":0,"39":1,"40":0,"41":1,"42":1,"43":1,"44":1,"45":0,"46":1,"47":1},"f":{"0":1,"1":1,"2":1,"3":1,"4":0,"5":0,"6":1,"7":1,"8":1,"9":1,"10":1,"11":1},"b":{"0":[0,1],"1":[1,0],"2":[0,1],"3":[0,0],"4":[1,0],"5":[0,1],"6":[1,0],"7":[0,1],"8":[0,1],"9":[0,1],"10":[0,1]},"_coverageSchema":"1a1c01bbd47fc00a2c39e90264f33305004495a9","hash":"dc4dd31bb0527b5320d46f65b911d2521396ceec"}
,"C:\\Users\\merye\\todo-app\\src\\models\\task.js": {"path":"C:\\Users\\merye\\todo-app\\src\\models\\task.js","statementMap":{"0":{"start":{"line":1,"column":11},"end":{"line":1,"column":33}},"1":{"start":{"line":3,"column":13},"end":{"line":97,"column":1}},"2":{"start":{"line":5,"column":14},"end":{"line":5,"column":53}},"3":{"start":{"line":6,"column":19},"end":{"line":6,"column":27}},"4":{"start":{"line":8,"column":4},"end":{"line":11,"column":5}},"5":{"start":{"line":9,"column":6},"end":{"line":9,"column":33}},"6":{"start":{"line":10,"column":6},"end":{"line":10,"column":36}},"7":{"start":{"line":13,"column":4},"end":{"line":16,"column":5}},"8":{"start":{"line":14,"column":6},"end":{"line":14,"column":33}},"9":{"start":{"line":15,"column":6},"end":{"line":15,"column":36}},"10":{"start":{"line":18,"column":4},"end":{"line":21,"column":5}},"11":{"start":{"line":19,"column":6},"end":{"line":19,"column":57}},"12":{"start":{"line":20,"column":6},"end":{"line":20,"column":64}},"13":{"start":{"line":23,"column":4},"end":{"line":23,"column":39}},"14":{"start":{"line":25,"column":4},"end":{"line":31,"column":7}},"15":{"start":{"line":26,"column":6},"end":{"line":26,"column":36}},"16":{"start":{"line":26,"column":15},"end":{"line":26,"column":36}},"17":{"start":{"line":27,"column":6},"end":{"line":30,"column":11}},"18":{"start":{"line":27,"column":38},"end":{"line":30,"column":7}},"19":{"start":{"line":35,"column":16},"end":{"line":35,"column":66}},"20":{"start":{"line":36,"column":4},"end":{"line":43,"column":7}},"21":{"start":{"line":37,"column":6},"end":{"line":37,"column":36}},"22":{"start":{"line":37,"column":15},"end":{"line":37,"column":36}},"23":{"start":{"line":38,"column":6},"end":{"line":38,"column":44}},"24":{"start":{"line":38,"column":16},"end":{"line":38,"column":44}},"25":{"start":{"line":39,"column":6},"end":{"line":42,"column":9}},"26":{"start":{"line":47,"column":64},"end":{"line":47,"column":72}},"27":{"start":{"line":48,"column":16},"end":{"line":49,"column":43}},"28":{"start":{"line":51,"column":4},"end":{"line":60,"column":7}},"29":{"start":{"line":52,"column":6},"end":{"line":52,"column":36}},"30":{"start":{"line":52,"column":15},"end":{"line":52,"column":36}},"31":{"start":{"line":53,"column":6},"end":{"line":59,"column":9}},"32":{"start":{"line":65,"column":19},"end":{"line":65,"column":21}},"33":{"start":{"line":66,"column":19},"end":{"line":66,"column":21}},"34":{"start":{"line":68,"column":4},"end":{"line":76,"column":5}},"35":{"start":{"line":69,"column":6},"end":{"line":75,"column":7}},"36":{"start":{"line":70,"column":8},"end":{"line":70,"column":34}},"37":{"start":{"line":71,"column":8},"end":{"line":71,"column":35}},"38":{"start":{"line":73,"column":8},"end":{"line":73,"column":34}},"39":{"start":{"line":74,"column":8},"end":{"line":74,"column":27}},"40":{"start":{"line":78,"column":4},"end":{"line":78,"column":57}},"41":{"start":{"line":78,"column":29},"end":{"line":78,"column":57}},"42":{"start":{"line":80,"column":4},"end":{"line":80,"column":28}},"43":{"start":{"line":81,"column":16},"end":{"line":81,"column":84}},"44":{"start":{"line":83,"column":4},"end":{"line":87,"column":7}},"45":{"start":{"line":84,"column":6},"end":{"line":84,"column":36}},"46":{"start":{"line":84,"column":15},"end":{"line":84,"column":36}},"47":{"start":{"line":85,"column":6},"end":{"line":85,"column":58}},"48":{"start":{"line":85,"column":30},"end":{"line":85,"column":58}},"49":{"start":{"line":86,"column":6},"end":{"line":86,"column":41}},"50":{"start":{"line":91,"column":16},"end":{"line":91,"column":64}},"51":{"start":{"line":92,"column":4},"end":{"line":95,"column":7}},"52":{"start":{"line":93,"column":6},"end":{"line":93,"column":36}},"53":{"start":{"line":93,"column":15},"end":{"line":93,"column":36}},"54":{"start":{"line":94,"column":6},"end":{"line":94,"column":39}},"55":{"start":{"line":99,"column":0},"end":{"line":99,"column":22}}},"fnMap":{"0":{"name":"(anonymous_0)","decl":{"start":{"line":4,"column":10},"end":{"line":4,"column":11}},"loc":{"start":{"line":4,"column":41},"end":{"line":32,"column":3}},"line":4},"1":{"name":"(anonymous_1)","decl":{"start":{"line":25,"column":24},"end":{"line":25,"column":25}},"loc":{"start":{"line":25,"column":39},"end":{"line":31,"column":5}},"line":25},"2":{"name":"(anonymous_2)","decl":{"start":{"line":27,"column":30},"end":{"line":27,"column":31}},"loc":{"start":{"line":27,"column":38},"end":{"line":30,"column":7}},"line":27},"3":{"name":"(anonymous_3)","decl":{"start":{"line":34,"column":11},"end":{"line":34,"column":12}},"loc":{"start":{"line":34,"column":37},"end":{"line":44,"column":3}},"line":34},"4":{"name":"(anonymous_4)","decl":{"start":{"line":36,"column":30},"end":{"line":36,"column":31}},"loc":{"start":{"line":36,"column":44},"end":{"line":43,"column":5}},"line":36},"5":{"name":"(anonymous_5)","decl":{"start":{"line":46,"column":10},"end":{"line":46,"column":11}},"loc":{"start":{"line":46,"column":42},"end":{"line":61,"column":3}},"line":46},"6":{"name":"(anonymous_6)","decl":{"start":{"line":51,"column":100},"end":{"line":51,"column":101}},"loc":{"start":{"line":51,"column":114},"end":{"line":60,"column":5}},"line":51},"7":{"name":"(anonymous_7)","decl":{"start":{"line":63,"column":10},"end":{"line":63,"column":11}},"loc":{"start":{"line":63,"column":45},"end":{"line":88,"column":3}},"line":63},"8":{"name":"(anonymous_8)","decl":{"start":{"line":83,"column":24},"end":{"line":83,"column":25}},"loc":{"start":{"line":83,"column":38},"end":{"line":87,"column":5}},"line":83},"9":{"name":"(anonymous_9)","decl":{"start":{"line":90,"column":10},"end":{"line":90,"column":11}},"loc":{"start":{"line":90,"column":36},"end":{"line":96,"column":3}},"line":90},"10":{"name":"(anonymous_10)","decl":{"start":{"line":92,"column":30},"end":{"line":92,"column":31}},"loc":{"start":{"line":92,"column":44},"end":{"line":95,"column":5}},"line":92}},"branchMap":{"0":{"loc":{"start":{"line":8,"column":4},"end":{"line":11,"column":5}},"type":"if","locations":[{"start":{"line":8,"column":4},"end":{"line":11,"column":5}},{"start":{},"end":{}}],"line":8},"1":{"loc":{"start":{"line":13,"column":4},"end":{"line":16,"column":5}},"type":"if","locations":[{"start":{"line":13,"column":4},"end":{"line":16,"column":5}},{"start":{},"end":{}}],"line":13},"2":{"loc":{"start":{"line":18,"column":4},"end":{"line":21,"column":5}},"type":"if","locations":[{"start":{"line":18,"column":4},"end":{"line":21,"column":5}},{"start":{},"end":{}}],"line":18},"3":{"loc":{"start":{"line":26,"column":6},"end":{"line":26,"column":36}},"type":"if","locations":[{"start":{"line":26,"column":6},"end":{"line":26,"column":36}},{"start":{},"end":{}}],"line":26},"4":{"loc":{"start":{"line":37,"column":6},"end":{"line":37,"column":36}},"type":"if","locations":[{"start":{"line":37,"column":6},"end":{"line":37,"column":36}},{"start":{},"end":{}}],"line":37},"5":{"loc":{"start":{"line":38,"column":6},"end":{"line":38,"column":44}},"type":"if","locations":[{"start":{"line":38,"column":6},"end":{"line":38,"column":44}},{"start":{},"end":{}}],"line":38},"6":{"loc":{"start":{"line":51,"column":54},"end":{"line":51,"column":74}},"type":"binary-expr","locations":[{"start":{"line":51,"column":54},"end":{"line":51,"column":62}},{"start":{"line":51,"column":66},"end":{"line":51,"column":74}}],"line":51},"7":{"loc":{"start":{"line":51,"column":76},"end":{"line":51,"column":97}},"type":"binary-expr","locations":[{"start":{"line":51,"column":76},"end":{"line":51,"column":84}},{"start":{"line":51,"column":88},"end":{"line":51,"column":97}}],"line":51},"8":{"loc":{"start":{"line":52,"column":6},"end":{"line":52,"column":36}},"type":"if","locations":[{"start":{"line":52,"column":6},"end":{"line":52,"column":36}},{"start":{},"end":{}}],"line":52},"9":{"loc":{"start":{"line":69,"column":6},"end":{"line":75,"column":7}},"type":"if","locations":[{"start":{"line":69,"column":6},"end":{"line":75,"column":7}},{"start":{"line":72,"column":13},"end":{"line":75,"column":7}}],"line":69},"10":{"loc":{"start":{"line":71,"column":20},"end":{"line":71,"column":33}},"type":"cond-expr","locations":[{"start":{"line":71,"column":28},"end":{"line":71,"column":29}},{"start":{"line":71,"column":32},"end":{"line":71,"column":33}}],"line":71},"11":{"loc":{"start":{"line":78,"column":4},"end":{"line":78,"column":57}},"type":"if","locations":[{"start":{"line":78,"column":4},"end":{"line":78,"column":57}},{"start":{},"end":{}}],"line":78},"12":{"loc":{"start":{"line":84,"column":6},"end":{"line":84,"column":36}},"type":"if","locations":[{"start":{"line":84,"column":6},"end":{"line":84,"column":36}},{"start":{},"end":{}}],"line":84},"13":{"loc":{"start":{"line":85,"column":6},"end":{"line":85,"column":58}},"type":"if","locations":[{"start":{"line":85,"column":6},"end":{"line":85,"column":58}},{"start":{},"end":{}}],"line":85},"14":{"loc":{"start":{"line":93,"column":6},"end":{"line":93,"column":36}},"type":"if","locations":[{"start":{"line":93,"column":6},"end":{"line":93,"column":36}},{"start":{},"end":{}}],"line":93}},"s":{"0":1,"1":1,"2":3,"3":3,"4":3,"5":1,"6":1,"7":3,"8":1,"9":1,"10":3,"11":0,"12":0,"13":3,"14":3,"15":3,"16":0,"17":3,"18":3,"19":1,"20":1,"21":1,"22":0,"23":1,"24":1,"25":0,"26":1,"27":1,"28":1,"29":1,"30":0,"31":1,"32":2,"33":2,"34":2,"35":2,"36":1,"37":1,"38":1,"39":1,"40":2,"41":0,"42":2,"43":2,"44":2,"45":2,"46":0,"47":2,"48":0,"49":2,"50":1,"51":1,"52":1,"53":0,"54":1,"55":1},"f":{"0":3,"1":3,"2":3,"3":1,"4":1,"5":1,"6":1,"7":2,"8":2,"9":1,"10":1},"b":{"0":[1,2],"1":[1,2],"2":[0,3],"3":[0,3],"4":[0,1],"5":[1,0],"6":[1,0],"7":[1,0],"8":[0,1],"9":[1,1],"10":[1,0],"11":[0,2],"12":[0,2],"13":[0,2],"14":[0,1]},"_coverageSchema":"1a1c01bbd47fc00a2c39e90264f33305004495a9","hash":"7650b67a310d85aee1be0b5006747cab96bf3216"}
,"C:\\Users\\merye\\todo-app\\src\\models\\user.js": {"path":"C:\\Users\\merye\\todo-app\\src\\models\\user.js","statementMap":{"0":{"start":{"line":1,"column":11},"end":{"line":1,"column":33}},"1":{"start":{"line":2,"column":15},"end":{"line":2,"column":32}},"2":{"start":{"line":4,"column":13},"end":{"line":32,"column":1}},"3":{"start":{"line":6,"column":4},"end":{"line":14,"column":7}},"4":{"start":{"line":7,"column":6},"end":{"line":7,"column":36}},"5":{"start":{"line":7,"column":15},"end":{"line":7,"column":36}},"6":{"start":{"line":9,"column":18},"end":{"line":9,"column":69}},"7":{"start":{"line":10,"column":6},"end":{"line":13,"column":9}},"8":{"start":{"line":11,"column":8},"end":{"line":11,"column":38}},"9":{"start":{"line":11,"column":17},"end":{"line":11,"column":38}},"10":{"start":{"line":12,"column":8},"end":{"line":12,"column":51}},"11":{"start":{"line":18,"column":16},"end":{"line":18,"column":53}},"12":{"start":{"line":19,"column":4},"end":{"line":22,"column":7}},"13":{"start":{"line":20,"column":6},"end":{"line":20,"column":36}},"14":{"start":{"line":20,"column":15},"end":{"line":20,"column":36}},"15":{"start":{"line":21,"column":6},"end":{"line":21,"column":26}},"16":{"start":{"line":26,"column":16},"end":{"line":26,"column":58}},"17":{"start":{"line":27,"column":4},"end":{"line":30,"column":7}},"18":{"start":{"line":28,"column":6},"end":{"line":28,"column":36}},"19":{"start":{"line":28,"column":15},"end":{"line":28,"column":36}},"20":{"start":{"line":29,"column":6},"end":{"line":29,"column":26}},"21":{"start":{"line":34,"column":0},"end":{"line":34,"column":22}}},"fnMap":{"0":{"name":"(anonymous_0)","decl":{"start":{"line":5,"column":10},"end":{"line":5,"column":11}},"loc":{"start":{"line":5,"column":41},"end":{"line":15,"column":3}},"line":5},"1":{"name":"(anonymous_1)","decl":{"start":{"line":6,"column":30},"end":{"line":6,"column":31}},"loc":{"start":{"line":6,"column":45},"end":{"line":14,"column":5}},"line":6},"2":{"name":"(anonymous_2)","decl":{"start":{"line":10,"column":33},"end":{"line":10,"column":34}},"loc":{"start":{"line":10,"column":47},"end":{"line":13,"column":7}},"line":10},"3":{"name":"(anonymous_3)","decl":{"start":{"line":17,"column":15},"end":{"line":17,"column":16}},"loc":{"start":{"line":17,"column":36},"end":{"line":23,"column":3}},"line":17},"4":{"name":"(anonymous_4)","decl":{"start":{"line":19,"column":25},"end":{"line":19,"column":26}},"loc":{"start":{"line":19,"column":39},"end":{"line":22,"column":5}},"line":19},"5":{"name":"(anonymous_5)","decl":{"start":{"line":25,"column":12},"end":{"line":25,"column":13}},"loc":{"start":{"line":25,"column":30},"end":{"line":31,"column":3}},"line":25},"6":{"name":"(anonymous_6)","decl":{"start":{"line":27,"column":22},"end":{"line":27,"column":23}},"loc":{"start":{"line":27,"column":36},"end":{"line":30,"column":5}},"line":27}},"branchMap":{"0":{"loc":{"start":{"line":7,"column":6},"end":{"line":7,"column":36}},"type":"if","locations":[{"start":{"line":7,"column":6},"end":{"line":7,"column":36}},{"start":{},"end":{}}],"line":7},"1":{"loc":{"start":{"line":11,"column":8},"end":{"line":11,"column":38}},"type":"if","locations":[{"start":{"line":11,"column":8},"end":{"line":11,"column":38}},{"start":{},"end":{}}],"line":11},"2":{"loc":{"start":{"line":20,"column":6},"end":{"line":20,"column":36}},"type":"if","locations":[{"start":{"line":20,"column":6},"end":{"line":20,"column":36}},{"start":{},"end":{}}],"line":20},"3":{"loc":{"start":{"line":28,"column":6},"end":{"line":28,"column":36}},"type":"if","locations":[{"start":{"line":28,"column":6},"end":{"line":28,"column":36}},{"start":{},"end":{}}],"line":28}},"s":{"0":1,"1":1,"2":1,"3":1,"4":1,"5":0,"6":1,"7":1,"8":1,"9":0,"10":1,"11":1,"12":1,"13":1,"14":0,"15":1,"16":1,"17":1,"18":1,"19":0,"20":1,"21":1},"f":{"0":1,"1":1,"2":1,"3":1,"4":1,"5":1,"6":1},"b":{"0":[0,1],"1":[0,1],"2":[0,1],"3":[0,1]},"_coverageSchema":"1a1c01bbd47fc00a2c39e90264f33305004495a9","hash":"ed1b85b37bcfad3c238660296bef5e0aa60ce530"}
,"C:\\Users\\merye\\todo-app\\src\\routes\\auth.js": {"path":"C:\\Users\\merye\\todo-app\\src\\routes\\auth.js","statementMap":{"0":{"start":{"line":1,"column":16},"end":{"line":1,"column":34}},"1":{"start":{"line":2,"column":15},"end":{"line":2,"column":31}},"2":{"start":{"line":3,"column":13},"end":{"line":3,"column":38}},"3":{"start":{"line":4,"column":15},"end":{"line":4,"column":32}},"4":{"start":{"line":7,"column":0},"end":{"line":25,"column":3}},"5":{"start":{"line":8,"column":30},"end":{"line":8,"column":38}},"6":{"start":{"line":9,"column":2},"end":{"line":11,"column":3}},"7":{"start":{"line":10,"column":4},"end":{"line":10,"column":78}},"8":{"start":{"line":13,"column":2},"end":{"line":24,"column":5}},"9":{"start":{"line":14,"column":4},"end":{"line":19,"column":5}},"10":{"start":{"line":15,"column":6},"end":{"line":17,"column":7}},"11":{"start":{"line":16,"column":8},"end":{"line":16,"column":71}},"12":{"start":{"line":18,"column":6},"end":{"line":18,"column":68}},"13":{"start":{"line":22,"column":4},"end":{"line":22,"column":33}},"14":{"start":{"line":23,"column":4},"end":{"line":23,"column":109}},"15":{"start":{"line":28,"column":0},"end":{"line":47,"column":3}},"16":{"start":{"line":29,"column":30},"end":{"line":29,"column":38}},"17":{"start":{"line":30,"column":2},"end":{"line":32,"column":3}},"18":{"start":{"line":31,"column":4},"end":{"line":31,"column":78}},"19":{"start":{"line":34,"column":2},"end":{"line":46,"column":5}},"20":{"start":{"line":35,"column":4},"end":{"line":35,"column":68}},"21":{"start":{"line":35,"column":13},"end":{"line":35,"column":68}},"22":{"start":{"line":36,"column":4},"end":{"line":36,"column":77}},"23":{"start":{"line":36,"column":15},"end":{"line":36,"column":77}},"24":{"start":{"line":38,"column":4},"end":{"line":45,"column":7}},"25":{"start":{"line":39,"column":6},"end":{"line":39,"column":70}},"26":{"start":{"line":39,"column":15},"end":{"line":39,"column":70}},"27":{"start":{"line":40,"column":6},"end":{"line":40,"column":82}},"28":{"start":{"line":40,"column":20},"end":{"line":40,"column":82}},"29":{"start":{"line":43,"column":6},"end":{"line":43,"column":35}},"30":{"start":{"line":44,"column":6},"end":{"line":44,"column":90}},"31":{"start":{"line":50,"column":0},"end":{"line":55,"column":3}},"32":{"start":{"line":51,"column":2},"end":{"line":54,"column":5}},"33":{"start":{"line":52,"column":4},"end":{"line":52,"column":73}},"34":{"start":{"line":52,"column":13},"end":{"line":52,"column":73}},"35":{"start":{"line":53,"column":4},"end":{"line":53,"column":53}},"36":{"start":{"line":58,"column":0},"end":{"line":68,"column":3}},"37":{"start":{"line":59,"column":2},"end":{"line":61,"column":3}},"38":{"start":{"line":60,"column":4},"end":{"line":60,"column":64}},"39":{"start":{"line":63,"column":2},"end":{"line":67,"column":5}},"40":{"start":{"line":64,"column":4},"end":{"line":64,"column":68}},"41":{"start":{"line":64,"column":13},"end":{"line":64,"column":68}},"42":{"start":{"line":65,"column":4},"end":{"line":65,"column":72}},"43":{"start":{"line":65,"column":15},"end":{"line":65,"column":72}},"44":{"start":{"line":66,"column":4},"end":{"line":66,"column":23}},"45":{"start":{"line":70,"column":0},"end":{"line":70,"column":24}}},"fnMap":{"0":{"name":"(anonymous_0)","decl":{"start":{"line":7,"column":25},"end":{"line":7,"column":26}},"loc":{"start":{"line":7,"column":39},"end":{"line":25,"column":1}},"line":7},"1":{"name":"(anonymous_1)","decl":{"start":{"line":13,"column":31},"end":{"line":13,"column":32}},"loc":{"start":{"line":13,"column":46},"end":{"line":24,"column":3}},"line":13},"2":{"name":"(anonymous_2)","decl":{"start":{"line":28,"column":22},"end":{"line":28,"column":23}},"loc":{"start":{"line":28,"column":36},"end":{"line":47,"column":1}},"line":28},"3":{"name":"(anonymous_3)","decl":{"start":{"line":34,"column":26},"end":{"line":34,"column":27}},"loc":{"start":{"line":34,"column":41},"end":{"line":46,"column":3}},"line":34},"4":{"name":"(anonymous_4)","decl":{"start":{"line":38,"column":44},"end":{"line":38,"column":45}},"loc":{"start":{"line":38,"column":62},"end":{"line":45,"column":5}},"line":38},"5":{"name":"(anonymous_5)","decl":{"start":{"line":50,"column":23},"end":{"line":50,"column":24}},"loc":{"start":{"line":50,"column":37},"end":{"line":55,"column":1}},"line":50},"6":{"name":"(anonymous_6)","decl":{"start":{"line":51,"column":22},"end":{"line":51,"column":23}},"loc":{"start":{"line":51,"column":31},"end":{"line":54,"column":3}},"line":51},"7":{"name":"(anonymous_7)","decl":{"start":{"line":58,"column":18},"end":{"line":58,"column":19}},"loc":{"start":{"line":58,"column":32},"end":{"line":68,"column":1}},"line":58},"8":{"name":"(anonymous_8)","decl":{"start":{"line":63,"column":36},"end":{"line":63,"column":37}},"loc":{"start":{"line":63,"column":51},"end":{"line":67,"column":3}},"line":63}},"branchMap":{"0":{"loc":{"start":{"line":9,"column":2},"end":{"line":11,"column":3}},"type":"if","locations":[{"start":{"line":9,"column":2},"end":{"line":11,"column":3}},{"start":{},"end":{}}],"line":9},"1":{"loc":{"start":{"line":9,"column":6},"end":{"line":9,"column":25}},"type":"binary-expr","locations":[{"start":{"line":9,"column":6},"end":{"line":9,"column":12}},{"start":{"line":9,"column":16},"end":{"line":9,"column":25}}],"line":9},"2":{"loc":{"start":{"line":14,"column":4},"end":{"line":19,"column":5}},"type":"if","locations":[{"start":{"line":14,"column":4},"end":{"line":19,"column":5}},{"start":{},"end":{}}],"line":14},"3":{"loc":{"start":{"line":15,"column":6},"end":{"line":17,"column":7}},"type":"if","locations":[{"start":{"line":15,"column":6},"end":{"line":17,"column":7}},{"start":{},"end":{}}],"line":15},"4":{"loc":{"start":{"line":15,"column":10},"end":{"line":15,"column":73}},"type":"binary-expr","locations":[{"start":{"line":15,"column":10},"end":{"line":15,"column":21}},{"start":{"line":15,"column":25},"end":{"line":15,"column":73}}],"line":15},"5":{"loc":{"start":{"line":30,"column":2},"end":{"line":32,"column":3}},"type":"if","locations":[{"start":{"line":30,"column":2},"end":{"line":32,"column":3}},{"start":{},"end":{}}],"line":30},"6":{"loc":{"start":{"line":30,"column":6},"end":{"line":30,"column":25}},"type":"binary-expr","locations":[{"start":{"line":30,"column":6},"end":{"line":30,"column":12}},{"start":{"line":30,"column":16},"end":{"line":30,"column":25}}],"line":30},"7":{"loc":{"start":{"line":35,"column":4},"end":{"line":35,"column":68}},"type":"if","locations":[{"start":{"line":35,"column":4},"end":{"line":35,"column":68}},{"start":{},"end":{}}],"line":35},"8":{"loc":{"start":{"line":36,"column":4},"end":{"line":36,"column":77}},"type":"if","locations":[{"start":{"line":36,"column":4},"end":{"line":36,"column":77}},{"start":{},"end":{}}],"line":36},"9":{"loc":{"start":{"line":39,"column":6},"end":{"line":39,"column":70}},"type":"if","locations":[{"start":{"line":39,"column":6},"end":{"line":39,"column":70}},{"start":{},"end":{}}],"line":39},"10":{"loc":{"start":{"line":40,"column":6},"end":{"line":40,"column":82}},"type":"if","locations":[{"start":{"line":40,"column":6},"end":{"line":40,"column":82}},{"start":{},"end":{}}],"line":40},"11":{"loc":{"start":{"line":52,"column":4},"end":{"line":52,"column":73}},"type":"if","locations":[{"start":{"line":52,"column":4},"end":{"line":52,"column":73}},{"start":{},"end":{}}],"line":52},"12":{"loc":{"start":{"line":59,"column":2},"end":{"line":61,"column":3}},"type":"if","locations":[{"start":{"line":59,"column":2},"end":{"line":61,"column":3}},{"start":{},"end":{}}],"line":59},"13":{"loc":{"start":{"line":64,"column":4},"end":{"line":64,"column":68}},"type":"if","locations":[{"start":{"line":64,"column":4},"end":{"line":64,"column":68}},{"start":{},"end":{}}],"line":64},"14":{"loc":{"start":{"line":65,"column":4},"end":{"line":65,"column":72}},"type":"if","locations":[{"start":{"line":65,"column":4},"end":{"line":65,"column":72}},{"start":{},"end":{}}],"line":65}},"s":{"0":1,"1":1,"2":1,"3":1,"4":1,"5":4,"6":4,"7":3,"8":1,"9":1,"10":0,"11":0,"12":0,"13":1,"14":1,"15":1,"16":3,"17":3,"18":2,"19":1,"20":1,"21":0,"22":1,"23":1,"24":0,"25":0,"26":0,"27":0,"28":0,"29":0,"30":0,"31":1,"32":2,"33":2,"34":0,"35":2,"36":1,"37":3,"38":2,"39":1,"40":1,"41":0,"42":1,"43":0,"44":1,"45":1},"f":{"0":4,"1":1,"2":3,"3":1,"4":0,"5":2,"6":2,"7":3,"8":1},"b":{"0":[3,1],"1":[4,2],"2":[0,1],"3":[0,0],"4":[0,0],"5":[2,1],"6":[3,2],"7":[0,1],"8":[1,0],"9":[0,0],"10":[0,0],"11":[0,2],"12":[2,1],"13":[0,1],"14":[0,1]},"_coverageSchema":"1a1c01bbd47fc00a2c39e90264f33305004495a9","hash":"a822de0053be522c42a9560f67c8c3e3e4d47939"}
,"C:\\Users\\merye\\todo-app\\src\\routes\\calendar.js": {"path":"C:\\Users\\merye\\todo-app\\src\\routes\\calendar.js","statementMap":{"0":{"start":{"line":1,"column":16},"end":{"line":1,"column":34}},"1":{"start":{"line":2,"column":15},"end":{"line":2,"column":31}},"2":{"start":{"line":3,"column":22},"end":{"line":3,"column":56}},"3":{"start":{"line":6,"column":20},"end":{"line":11,"column":1}},"4":{"start":{"line":7,"column":2},"end":{"line":9,"column":3}},"5":{"start":{"line":8,"column":4},"end":{"line":8,"column":59}},"6":{"start":{"line":10,"column":2},"end":{"line":10,"column":9}},"7":{"start":{"line":13,"column":0},"end":{"line":13,"column":24}},"8":{"start":{"line":16,"column":0},"end":{"line":22,"column":3}},"9":{"start":{"line":17,"column":17},"end":{"line":17,"column":35}},"10":{"start":{"line":18,"column":2},"end":{"line":21,"column":5}},"11":{"start":{"line":19,"column":4},"end":{"line":19,"column":77}},"12":{"start":{"line":19,"column":13},"end":{"line":19,"column":77}},"13":{"start":{"line":20,"column":4},"end":{"line":20,"column":21}},"14":{"start":{"line":25,"column":0},"end":{"line":38,"column":3}},"15":{"start":{"line":26,"column":17},"end":{"line":26,"column":35}},"16":{"start":{"line":27,"column":15},"end":{"line":27,"column":40}},"17":{"start":{"line":28,"column":16},"end":{"line":28,"column":42}},"18":{"start":{"line":30,"column":2},"end":{"line":32,"column":3}},"19":{"start":{"line":31,"column":4},"end":{"line":31,"column":68}},"20":{"start":{"line":34,"column":2},"end":{"line":37,"column":5}},"21":{"start":{"line":35,"column":4},"end":{"line":35,"column":77}},"22":{"start":{"line":35,"column":13},"end":{"line":35,"column":77}},"23":{"start":{"line":36,"column":4},"end":{"line":36,"column":21}},"24":{"start":{"line":41,"column":0},"end":{"line":48,"column":3}},"25":{"start":{"line":42,"column":17},"end":{"line":42,"column":35}},"26":{"start":{"line":43,"column":2},"end":{"line":47,"column":5}},"27":{"start":{"line":44,"column":4},"end":{"line":44,"column":76}},"28":{"start":{"line":44,"column":13},"end":{"line":44,"column":76}},"29":{"start":{"line":45,"column":4},"end":{"line":45,"column":74}},"30":{"start":{"line":45,"column":16},"end":{"line":45,"column":74}},"31":{"start":{"line":46,"column":4},"end":{"line":46,"column":20}},"32":{"start":{"line":51,"column":0},"end":{"line":67,"column":3}},"33":{"start":{"line":52,"column":17},"end":{"line":52,"column":35}},"34":{"start":{"line":53,"column":31},"end":{"line":53,"column":39}},"35":{"start":{"line":55,"column":2},"end":{"line":57,"column":3}},"36":{"start":{"line":56,"column":4},"end":{"line":56,"column":64}},"37":{"start":{"line":59,"column":2},"end":{"line":61,"column":3}},"38":{"start":{"line":60,"column":4},"end":{"line":60,"column":69}},"39":{"start":{"line":63,"column":2},"end":{"line":66,"column":5}},"40":{"start":{"line":64,"column":4},"end":{"line":64,"column":76}},"41":{"start":{"line":64,"column":13},"end":{"line":64,"column":76}},"42":{"start":{"line":65,"column":4},"end":{"line":65,"column":32}},"43":{"start":{"line":70,"column":0},"end":{"line":77,"column":3}},"44":{"start":{"line":71,"column":17},"end":{"line":71,"column":35}},"45":{"start":{"line":72,"column":2},"end":{"line":76,"column":5}},"46":{"start":{"line":73,"column":4},"end":{"line":73,"column":76}},"47":{"start":{"line":73,"column":13},"end":{"line":73,"column":76}},"48":{"start":{"line":74,"column":4},"end":{"line":74,"column":74}},"49":{"start":{"line":74,"column":16},"end":{"line":74,"column":74}},"50":{"start":{"line":75,"column":4},"end":{"line":75,"column":20}},"51":{"start":{"line":80,"column":0},"end":{"line":87,"column":3}},"52":{"start":{"line":81,"column":17},"end":{"line":81,"column":35}},"53":{"start":{"line":82,"column":2},"end":{"line":86,"column":5}},"54":{"start":{"line":83,"column":4},"end":{"line":83,"column":76}},"55":{"start":{"line":83,"column":13},"end":{"line":83,"column":76}},"56":{"start":{"line":84,"column":4},"end":{"line":84,"column":76}},"57":{"start":{"line":84,"column":18},"end":{"line":84,"column":76}},"58":{"start":{"line":85,"column":4},"end":{"line":85,"column":27}},"59":{"start":{"line":89,"column":0},"end":{"line":89,"column":24}}},"fnMap":{"0":{"name":"(anonymous_0)","decl":{"start":{"line":6,"column":20},"end":{"line":6,"column":21}},"loc":{"start":{"line":6,"column":40},"end":{"line":11,"column":1}},"line":6},"1":{"name":"(anonymous_1)","decl":{"start":{"line":16,"column":16},"end":{"line":16,"column":17}},"loc":{"start":{"line":16,"column":30},"end":{"line":22,"column":1}},"line":16},"2":{"name":"(anonymous_2)","decl":{"start":{"line":18,"column":31},"end":{"line":18,"column":32}},"loc":{"start":{"line":18,"column":48},"end":{"line":21,"column":3}},"line":18},"3":{"name":"(anonymous_3)","decl":{"start":{"line":25,"column":34},"end":{"line":25,"column":35}},"loc":{"start":{"line":25,"column":48},"end":{"line":38,"column":1}},"line":25},"4":{"name":"(anonymous_4)","decl":{"start":{"line":34,"column":48},"end":{"line":34,"column":49}},"loc":{"start":{"line":34,"column":65},"end":{"line":37,"column":3}},"line":34},"5":{"name":"(anonymous_5)","decl":{"start":{"line":41,"column":19},"end":{"line":41,"column":20}},"loc":{"start":{"line":41,"column":33},"end":{"line":48,"column":1}},"line":41},"6":{"name":"(anonymous_6)","decl":{"start":{"line":43,"column":47},"end":{"line":43,"column":48}},"loc":{"start":{"line":43,"column":63},"end":{"line":47,"column":3}},"line":43},"7":{"name":"(anonymous_7)","decl":{"start":{"line":51,"column":17},"end":{"line":51,"column":18}},"loc":{"start":{"line":51,"column":31},"end":{"line":67,"column":1}},"line":51},"8":{"name":"(anonymous_8)","decl":{"start":{"line":63,"column":41},"end":{"line":63,"column":42}},"loc":{"start":{"line":63,"column":57},"end":{"line":66,"column":3}},"line":63},"9":{"name":"(anonymous_9)","decl":{"start":{"line":70,"column":19},"end":{"line":70,"column":20}},"loc":{"start":{"line":70,"column":33},"end":{"line":77,"column":1}},"line":70},"10":{"name":"(anonymous_10)","decl":{"start":{"line":72,"column":56},"end":{"line":72,"column":57}},"loc":{"start":{"line":72,"column":72},"end":{"line":76,"column":3}},"line":72},"11":{"name":"(anonymous_11)","decl":{"start":{"line":80,"column":22},"end":{"line":80,"column":23}},"loc":{"start":{"line":80,"column":36},"end":{"line":87,"column":1}},"line":80},"12":{"name":"(anonymous_12)","decl":{"start":{"line":82,"column":46},"end":{"line":82,"column":47}},"loc":{"start":{"line":82,"column":64},"end":{"line":86,"column":3}},"line":82}},"branchMap":{"0":{"loc":{"start":{"line":7,"column":2},"end":{"line":9,"column":3}},"type":"if","locations":[{"start":{"line":7,"column":2},"end":{"line":9,"column":3}},{"start":{},"end":{}}],"line":7},"1":{"loc":{"start":{"line":19,"column":4},"end":{"line":19,"column":77}},"type":"if","locations":[{"start":{"line":19,"column":4},"end":{"line":19,"column":77}},{"start":{},"end":{}}],"line":19},"2":{"loc":{"start":{"line":30,"column":2},"end":{"line":32,"column":3}},"type":"if","locations":[{"start":{"line":30,"column":2},"end":{"line":32,"column":3}},{"start":{},"end":{}}],"line":30},"3":{"loc":{"start":{"line":30,"column":6},"end":{"line":30,"column":60}},"type":"binary-expr","locations":[{"start":{"line":30,"column":6},"end":{"line":30,"column":17}},{"start":{"line":30,"column":21},"end":{"line":30,"column":33}},{"start":{"line":30,"column":37},"end":{"line":30,"column":46}},{"start":{"line":30,"column":50},"end":{"line":30,"column":60}}],"line":30},"4":{"loc":{"start":{"line":35,"column":4},"end":{"line":35,"column":77}},"type":"if","locations":[{"start":{"line":35,"column":4},"end":{"line":35,"column":77}},{"start":{},"end":{}}],"line":35},"5":{"loc":{"start":{"line":44,"column":4},"end":{"line":44,"column":76}},"type":"if","locations":[{"start":{"line":44,"column":4},"end":{"line":44,"column":76}},{"start":{},"end":{}}],"line":44},"6":{"loc":{"start":{"line":45,"column":4},"end":{"line":45,"column":74}},"type":"if","locations":[{"start":{"line":45,"column":4},"end":{"line":45,"column":74}},{"start":{},"end":{}}],"line":45},"7":{"loc":{"start":{"line":55,"column":2},"end":{"line":57,"column":3}},"type":"if","locations":[{"start":{"line":55,"column":2},"end":{"line":57,"column":3}},{"start":{},"end":{}}],"line":55},"8":{"loc":{"start":{"line":55,"column":6},"end":{"line":55,"column":35}},"type":"binary-expr","locations":[{"start":{"line":55,"column":6},"end":{"line":55,"column":12}},{"start":{"line":55,"column":16},"end":{"line":55,"column":35}}],"line":55},"9":{"loc":{"start":{"line":59,"column":2},"end":{"line":61,"column":3}},"type":"if","locations":[{"start":{"line":59,"column":2},"end":{"line":61,"column":3}},{"start":{},"end":{}}],"line":59},"10":{"loc":{"start":{"line":64,"column":4},"end":{"line":64,"column":76}},"type":"if","locations":[{"start":{"line":64,"column":4},"end":{"line":64,"column":76}},{"start":{},"end":{}}],"line":64},"11":{"loc":{"start":{"line":73,"column":4},"end":{"line":73,"column":76}},"type":"if","locations":[{"start":{"line":73,"column":4},"end":{"line":73,"column":76}},{"start":{},"end":{}}],"line":73},"12":{"loc":{"start":{"line":74,"column":4},"end":{"line":74,"column":74}},"type":"if","locations":[{"start":{"line":74,"column":4},"end":{"line":74,"column":74}},{"start":{},"end":{}}],"line":74},"13":{"loc":{"start":{"line":83,"column":4},"end":{"line":83,"column":76}},"type":"if","locations":[{"start":{"line":83,"column":4},"end":{"line":83,"column":76}},{"start":{},"end":{}}],"line":83},"14":{"loc":{"start":{"line":84,"column":4},"end":{"line":84,"column":76}},"type":"if","locations":[{"start":{"line":84,"column":4},"end":{"line":84,"column":76}},{"start":{},"end":{}}],"line":84}},"s":{"0":1,"1":1,"2":1,"3":1,"4":12,"5":3,"6":9,"7":1,"8":1,"9":1,"10":1,"11":1,"12":0,"13":1,"14":1,"15":3,"16":3,"17":3,"18":3,"19":2,"20":1,"21":1,"22":0,"23":1,"24":1,"25":0,"26":0,"27":0,"28":0,"29":0,"30":0,"31":0,"32":1,"33":3,"34":3,"35":3,"36":1,"37":2,"38":1,"39":1,"40":1,"41":0,"42":1,"43":1,"44":1,"45":1,"46":1,"47":0,"48":1,"49":0,"50":1,"51":1,"52":1,"53":1,"54":1,"55":0,"56":1,"57":0,"58":1,"59":1},"f":{"0":12,"1":1,"2":1,"3":3,"4":1,"5":0,"6":0,"7":3,"8":1,"9":1,"10":1,"11":1,"12":1},"b":{"0":[3,9],"1":[0,1],"2":[2,1],"3":[3,2,2,2],"4":[0,1],"5":[0,0],"6":[0,0],"7":[1,2],"8":[3,2],"9":[1,1],"10":[0,1],"11":[0,1],"12":[0,1],"13":[0,1],"14":[0,1]},"_coverageSchema":"1a1c01bbd47fc00a2c39e90264f33305004495a9","hash":"ed50bd377bda52366e0d416d5c1a638631e003c9"}
,"C:\\Users\\merye\\todo-app\\src\\routes\\tasks.js": {"path":"C:\\Users\\merye\\todo-app\\src\\routes\\tasks.js","statementMap":{"0":{"start":{"line":1,"column":16},"end":{"line":1,"column":34}},"1":{"start":{"line":2,"column":15},"end":{"line":2,"column":31}},"2":{"start":{"line":3,"column":18},"end":{"line":3,"column":43}},"3":{"start":{"line":6,"column":20},"end":{"line":11,"column":1}},"4":{"start":{"line":7,"column":2},"end":{"line":9,"column":3}},"5":{"start":{"line":8,"column":4},"end":{"line":8,"column":59}},"6":{"start":{"line":10,"column":2},"end":{"line":10,"column":9}},"7":{"start":{"line":13,"column":0},"end":{"line":13,"column":24}},"8":{"start":{"line":16,"column":0},"end":{"line":28,"column":3}},"9":{"start":{"line":17,"column":17},"end":{"line":17,"column":35}},"10":{"start":{"line":18,"column":18},"end":{"line":22,"column":3}},"11":{"start":{"line":24,"column":2},"end":{"line":27,"column":5}},"12":{"start":{"line":25,"column":4},"end":{"line":25,"column":76}},"13":{"start":{"line":25,"column":13},"end":{"line":25,"column":76}},"14":{"start":{"line":26,"column":4},"end":{"line":26,"column":20}},"15":{"start":{"line":31,"column":0},"end":{"line":38,"column":3}},"16":{"start":{"line":32,"column":17},"end":{"line":32,"column":35}},"17":{"start":{"line":33,"column":2},"end":{"line":37,"column":5}},"18":{"start":{"line":34,"column":4},"end":{"line":34,"column":75}},"19":{"start":{"line":34,"column":13},"end":{"line":34,"column":75}},"20":{"start":{"line":35,"column":4},"end":{"line":35,"column":72}},"21":{"start":{"line":35,"column":15},"end":{"line":35,"column":72}},"22":{"start":{"line":36,"column":4},"end":{"line":36,"column":19}},"23":{"start":{"line":41,"column":0},"end":{"line":53,"column":3}},"24":{"start":{"line":42,"column":17},"end":{"line":42,"column":35}},"25":{"start":{"line":43,"column":20},"end":{"line":43,"column":28}},"26":{"start":{"line":45,"column":2},"end":{"line":47,"column":3}},"27":{"start":{"line":46,"column":4},"end":{"line":46,"column":64}},"28":{"start":{"line":49,"column":2},"end":{"line":52,"column":5}},"29":{"start":{"line":50,"column":4},"end":{"line":50,"column":75}},"30":{"start":{"line":50,"column":13},"end":{"line":50,"column":75}},"31":{"start":{"line":51,"column":4},"end":{"line":51,"column":31}},"32":{"start":{"line":56,"column":0},"end":{"line":63,"column":3}},"33":{"start":{"line":57,"column":17},"end":{"line":57,"column":35}},"34":{"start":{"line":58,"column":2},"end":{"line":62,"column":5}},"35":{"start":{"line":59,"column":4},"end":{"line":59,"column":75}},"36":{"start":{"line":59,"column":13},"end":{"line":59,"column":75}},"37":{"start":{"line":60,"column":4},"end":{"line":60,"column":72}},"38":{"start":{"line":60,"column":15},"end":{"line":60,"column":72}},"39":{"start":{"line":61,"column":4},"end":{"line":61,"column":19}},"40":{"start":{"line":66,"column":0},"end":{"line":73,"column":3}},"41":{"start":{"line":67,"column":17},"end":{"line":67,"column":35}},"42":{"start":{"line":68,"column":2},"end":{"line":72,"column":5}},"43":{"start":{"line":69,"column":4},"end":{"line":69,"column":75}},"44":{"start":{"line":69,"column":13},"end":{"line":69,"column":75}},"45":{"start":{"line":70,"column":4},"end":{"line":70,"column":75}},"46":{"start":{"line":70,"column":18},"end":{"line":70,"column":75}},"47":{"start":{"line":71,"column":4},"end":{"line":71,"column":27}},"48":{"start":{"line":75,"column":0},"end":{"line":75,"column":24}}},"fnMap":{"0":{"name":"(anonymous_0)","decl":{"start":{"line":6,"column":20},"end":{"line":6,"column":21}},"loc":{"start":{"line":6,"column":40},"end":{"line":11,"column":1}},"line":6},"1":{"name":"(anonymous_1)","decl":{"start":{"line":16,"column":16},"end":{"line":16,"column":17}},"loc":{"start":{"line":16,"column":30},"end":{"line":28,"column":1}},"line":16},"2":{"name":"(anonymous_2)","decl":{"start":{"line":24,"column":36},"end":{"line":24,"column":37}},"loc":{"start":{"line":24,"column":52},"end":{"line":27,"column":3}},"line":24},"3":{"name":"(anonymous_3)","decl":{"start":{"line":31,"column":19},"end":{"line":31,"column":20}},"loc":{"start":{"line":31,"column":33},"end":{"line":38,"column":1}},"line":31},"4":{"name":"(anonymous_4)","decl":{"start":{"line":33,"column":43},"end":{"line":33,"column":44}},"loc":{"start":{"line":33,"column":58},"end":{"line":37,"column":3}},"line":33},"5":{"name":"(anonymous_5)","decl":{"start":{"line":41,"column":17},"end":{"line":41,"column":18}},"loc":{"start":{"line":41,"column":31},"end":{"line":53,"column":1}},"line":41},"6":{"name":"(anonymous_6)","decl":{"start":{"line":49,"column":37},"end":{"line":49,"column":38}},"loc":{"start":{"line":49,"column":52},"end":{"line":52,"column":3}},"line":49},"7":{"name":"(anonymous_7)","decl":{"start":{"line":56,"column":19},"end":{"line":56,"column":20}},"loc":{"start":{"line":56,"column":33},"end":{"line":63,"column":1}},"line":56},"8":{"name":"(anonymous_8)","decl":{"start":{"line":58,"column":52},"end":{"line":58,"column":53}},"loc":{"start":{"line":58,"column":67},"end":{"line":62,"column":3}},"line":58},"9":{"name":"(anonymous_9)","decl":{"start":{"line":66,"column":22},"end":{"line":66,"column":23}},"loc":{"start":{"line":66,"column":36},"end":{"line":73,"column":1}},"line":66},"10":{"name":"(anonymous_10)","decl":{"start":{"line":68,"column":42},"end":{"line":68,"column":43}},"loc":{"start":{"line":68,"column":60},"end":{"line":72,"column":3}},"line":68}},"branchMap":{"0":{"loc":{"start":{"line":7,"column":2},"end":{"line":9,"column":3}},"type":"if","locations":[{"start":{"line":7,"column":2},"end":{"line":9,"column":3}},{"start":{},"end":{}}],"line":7},"1":{"loc":{"start":{"line":25,"column":4},"end":{"line":25,"column":76}},"type":"if","locations":[{"start":{"line":25,"column":4},"end":{"line":25,"column":76}},{"start":{},"end":{}}],"line":25},"2":{"loc":{"start":{"line":34,"column":4},"end":{"line":34,"column":75}},"type":"if","locations":[{"start":{"line":34,"column":4},"end":{"line":34,"column":75}},{"start":{},"end":{}}],"line":34},"3":{"loc":{"start":{"line":35,"column":4},"end":{"line":35,"column":72}},"type":"if","locations":[{"start":{"line":35,"column":4},"end":{"line":35,"column":72}},{"start":{},"end":{}}],"line":35},"4":{"loc":{"start":{"line":45,"column":2},"end":{"line":47,"column":3}},"type":"if","locations":[{"start":{"line":45,"column":2},"end":{"line":47,"column":3}},{"start":{},"end":{}}],"line":45},"5":{"loc":{"start":{"line":45,"column":6},"end":{"line":45,"column":35}},"type":"binary-expr","locations":[{"start":{"line":45,"column":6},"end":{"line":45,"column":12}},{"start":{"line":45,"column":16},"end":{"line":45,"column":35}}],"line":45},"6":{"loc":{"start":{"line":50,"column":4},"end":{"line":50,"column":75}},"type":"if","locations":[{"start":{"line":50,"column":4},"end":{"line":50,"column":75}},{"start":{},"end":{}}],"line":50},"7":{"loc":{"start":{"line":59,"column":4},"end":{"line":59,"column":75}},"type":"if","locations":[{"start":{"line":59,"column":4},"end":{"line":59,"column":75}},{"start":{},"end":{}}],"line":59},"8":{"loc":{"start":{"line":60,"column":4},"end":{"line":60,"column":72}},"type":"if","locations":[{"start":{"line":60,"column":4},"end":{"line":60,"column":72}},{"start":{},"end":{}}],"line":60},"9":{"loc":{"start":{"line":69,"column":4},"end":{"line":69,"column":75}},"type":"if","locations":[{"start":{"line":69,"column":4},"end":{"line":69,"column":75}},{"start":{},"end":{}}],"line":69},"10":{"loc":{"start":{"line":70,"column":4},"end":{"line":70,"column":75}},"type":"if","locations":[{"start":{"line":70,"column":4},"end":{"line":70,"column":75}},{"start":{},"end":{}}],"line":70}},"s":{"0":1,"1":1,"2":1,"3":1,"4":13,"5":4,"6":9,"7":1,"8":1,"9":3,"10":3,"11":3,"12":3,"13":0,"14":3,"15":1,"16":1,"17":1,"18":1,"19":0,"20":1,"21":1,"22":0,"23":1,"24":2,"25":2,"26":2,"27":1,"28":1,"29":1,"30":0,"31":1,"32":1,"33":2,"34":2,"35":2,"36":0,"37":2,"38":0,"39":2,"40":1,"41":1,"42":1,"43":1,"44":0,"45":1,"46":0,"47":1,"48":1},"f":{"0":13,"1":3,"2":3,"3":1,"4":1,"5":2,"6":1,"7":2,"8":2,"9":1,"10":1},"b":{"0":[4,9],"1":[0,3],"2":[0,1],"3":[1,0],"4":[1,1],"5":[2,1],"6":[0,1],"7":[0,2],"8":[0,2],"9":[0,1],"10":[0,1]},"_coverageSchema":"1a1c01bbd47fc00a2c39e90264f33305004495a9","hash":"9342c2d4c4e15f9ea26803b08d15513eac093dd2"}
}
