TN:
SF:src/models/task.js
FN:4,(anonymous_0)
FN:25,(anonymous_1)
FN:27,(anonymous_2)
FN:34,(anonymous_3)
FN:36,(anonymous_4)
FN:46,(anonymous_5)
FN:51,(anonymous_6)
FN:63,(anonymous_7)
FN:83,(anonymous_8)
FN:90,(anonymous_9)
FN:92,(anonymous_10)
FNF:11
FNH:11
FNDA:3,(anonymous_0)
FNDA:3,(anonymous_1)
FNDA:3,(anonymous_2)
FNDA:1,(anonymous_3)
FNDA:1,(anonymous_4)
FNDA:1,(anonymous_5)
FNDA:1,(anonymous_6)
FNDA:2,(anonymous_7)
FNDA:2,(anonymous_8)
FNDA:1,(anonymous_9)
FNDA:1,(anonymous_10)
DA:1,1
DA:3,1
DA:5,3
DA:6,3
DA:8,3
DA:9,1
DA:10,1
DA:13,3
DA:14,1
DA:15,1
DA:18,3
DA:19,0
DA:20,0
DA:23,3
DA:25,3
DA:26,3
DA:27,3
DA:35,1
DA:36,1
DA:37,1
DA:38,1
DA:39,0
DA:47,1
DA:48,1
DA:51,1
DA:52,1
DA:53,1
DA:65,2
DA:66,2
DA:68,2
DA:69,2
DA:70,1
DA:71,1
DA:73,1
DA:74,1
DA:78,2
DA:80,2
DA:81,2
DA:83,2
DA:84,2
DA:85,2
DA:86,2
DA:91,1
DA:92,1
DA:93,1
DA:94,1
DA:99,1
LF:47
LH:44
BRDA:8,0,0,1
BRDA:8,0,1,2
BRDA:13,1,0,1
BRDA:13,1,1,2
BRDA:18,2,0,0
BRDA:18,2,1,3
BRDA:26,3,0,0
BRDA:26,3,1,3
BRDA:37,4,0,0
BRDA:37,4,1,1
BRDA:38,5,0,1
BRDA:38,5,1,0
BRDA:51,6,0,1
BRDA:51,6,1,0
BRDA:51,7,0,1
BRDA:51,7,1,0
BRDA:52,8,0,0
BRDA:52,8,1,1
BRDA:69,9,0,1
BRDA:69,9,1,1
BRDA:71,10,0,1
BRDA:71,10,1,0
BRDA:78,11,0,0
BRDA:78,11,1,2
BRDA:84,12,0,0
BRDA:84,12,1,2
BRDA:85,13,0,0
BRDA:85,13,1,2
BRDA:93,14,0,0
BRDA:93,14,1,1
BRF:30
BRH:18
end_of_record
TN:
SF:src/routes/auth.js
FN:7,(anonymous_0)
FN:13,(anonymous_1)
FN:28,(anonymous_2)
FN:34,(anonymous_3)
FN:38,(anonymous_4)
FN:50,(anonymous_5)
FN:51,(anonymous_6)
FN:58,(anonymous_7)
FN:63,(anonymous_8)
FNF:9
FNH:8
FNDA:4,(anonymous_0)
FNDA:1,(anonymous_1)
FNDA:3,(anonymous_2)
FNDA:1,(anonymous_3)
FNDA:0,(anonymous_4)
FNDA:2,(anonymous_5)
FNDA:2,(anonymous_6)
FNDA:3,(anonymous_7)
FNDA:1,(anonymous_8)
DA:1,1
DA:2,1
DA:3,1
DA:4,1
DA:7,1
DA:8,4
DA:9,4
DA:10,3
DA:13,1
DA:14,1
DA:15,0
DA:16,0
DA:18,0
DA:22,1
DA:23,1
DA:28,1
DA:29,3
DA:30,3
DA:31,2
DA:34,1
DA:35,1
DA:36,1
DA:38,0
DA:39,0
DA:40,0
DA:43,0
DA:44,0
DA:50,1
DA:51,2
DA:52,2
DA:53,2
DA:58,1
DA:59,3
DA:60,2
DA:63,1
DA:64,1
DA:65,1
DA:66,1
DA:70,1
LF:39
LH:31
BRDA:9,0,0,3
BRDA:9,0,1,1
BRDA:9,1,0,4
BRDA:9,1,1,2
BRDA:14,2,0,0
BRDA:14,2,1,1
BRDA:15,3,0,0
BRDA:15,3,1,0
BRDA:15,4,0,0
BRDA:15,4,1,0
BRDA:30,5,0,2
BRDA:30,5,1,1
BRDA:30,6,0,3
BRDA:30,6,1,2
BRDA:35,7,0,0
BRDA:35,7,1,1
BRDA:36,8,0,1
BRDA:36,8,1,0
BRDA:39,9,0,0
BRDA:39,9,1,0
BRDA:40,10,0,0
BRDA:40,10,1,0
BRDA:52,11,0,0
BRDA:52,11,1,2
BRDA:59,12,0,2
BRDA:59,12,1,1
BRDA:64,13,0,0
BRDA:64,13,1,1
BRDA:65,14,0,0
BRDA:65,14,1,1
BRF:30
BRH:16
end_of_record
TN:
SF:src/routes/calendar.js
FN:6,(anonymous_0)
FN:16,(anonymous_1)
FN:18,(anonymous_2)
FN:25,(anonymous_3)
FN:34,(anonymous_4)
FN:41,(anonymous_5)
FN:43,(anonymous_6)
FN:51,(anonymous_7)
FN:63,(anonymous_8)
FN:70,(anonymous_9)
FN:72,(anonymous_10)
FN:80,(anonymous_11)
FN:82,(anonymous_12)
FNF:13
FNH:11
FNDA:12,(anonymous_0)
FNDA:1,(anonymous_1)
FNDA:1,(anonymous_2)
FNDA:3,(anonymous_3)
FNDA:1,(anonymous_4)
FNDA:0,(anonymous_5)
FNDA:0,(anonymous_6)
FNDA:3,(anonymous_7)
FNDA:1,(anonymous_8)
FNDA:1,(anonymous_9)
FNDA:1,(anonymous_10)
FNDA:1,(anonymous_11)
FNDA:1,(anonymous_12)
DA:1,1
DA:2,1
DA:3,1
DA:6,1
DA:7,12
DA:8,3
DA:10,9
DA:13,1
DA:16,1
DA:17,1
DA:18,1
DA:19,1
DA:20,1
DA:25,1
DA:26,3
DA:27,3
DA:28,3
DA:30,3
DA:31,2
DA:34,1
DA:35,1
DA:36,1
DA:41,1
DA:42,0
DA:43,0
DA:44,0
DA:45,0
DA:46,0
DA:51,1
DA:52,3
DA:53,3
DA:55,3
DA:56,1
DA:59,2
DA:60,1
DA:63,1
DA:64,1
DA:65,1
DA:70,1
DA:71,1
DA:72,1
DA:73,1
DA:74,1
DA:75,1
DA:80,1
DA:81,1
DA:82,1
DA:83,1
DA:84,1
DA:85,1
DA:89,1
LF:51
LH:46
BRDA:7,0,0,3
BRDA:7,0,1,9
BRDA:19,1,0,0
BRDA:19,1,1,1
BRDA:30,2,0,2
BRDA:30,2,1,1
BRDA:30,3,0,3
BRDA:30,3,1,2
BRDA:30,3,2,2
BRDA:30,3,3,2
BRDA:35,4,0,0
BRDA:35,4,1,1
BRDA:44,5,0,0
BRDA:44,5,1,0
BRDA:45,6,0,0
BRDA:45,6,1,0
BRDA:55,7,0,1
BRDA:55,7,1,2
BRDA:55,8,0,3
BRDA:55,8,1,2
BRDA:59,9,0,1
BRDA:59,9,1,1
BRDA:64,10,0,0
BRDA:64,10,1,1
BRDA:73,11,0,0
BRDA:73,11,1,1
BRDA:74,12,0,0
BRDA:74,12,1,1
BRDA:83,13,0,0
BRDA:83,13,1,1
BRDA:84,14,0,0
BRDA:84,14,1,1
BRF:32
BRH:21
end_of_record
TN:
SF:src/routes/tasks.js
FN:6,(anonymous_0)
FN:16,(anonymous_1)
FN:24,(anonymous_2)
FN:31,(anonymous_3)
FN:33,(anonymous_4)
FN:41,(anonymous_5)
FN:49,(anonymous_6)
FN:56,(anonymous_7)
FN:58,(anonymous_8)
FN:66,(anonymous_9)
FN:68,(anonymous_10)
FNF:11
FNH:11
FNDA:13,(anonymous_0)
FNDA:3,(anonymous_1)
FNDA:3,(anonymous_2)
FNDA:1,(anonymous_3)
FNDA:1,(anonymous_4)
FNDA:2,(anonymous_5)
FNDA:1,(anonymous_6)
FNDA:2,(anonymous_7)
FNDA:2,(anonymous_8)
FNDA:1,(anonymous_9)
FNDA:1,(anonymous_10)
DA:1,1
DA:2,1
DA:3,1
DA:6,1
DA:7,13
DA:8,4
DA:10,9
DA:13,1
DA:16,1
DA:17,3
DA:18,3
DA:24,3
DA:25,3
DA:26,3
DA:31,1
DA:32,1
DA:33,1
DA:34,1
DA:35,1
DA:36,0
DA:41,1
DA:42,2
DA:43,2
DA:45,2
DA:46,1
DA:49,1
DA:50,1
DA:51,1
DA:56,1
DA:57,2
DA:58,2
DA:59,2
DA:60,2
DA:61,2
DA:66,1
DA:67,1
DA:68,1
DA:69,1
DA:70,1
DA:71,1
DA:75,1
LF:41
LH:40
BRDA:7,0,0,4
BRDA:7,0,1,9
BRDA:25,1,0,0
BRDA:25,1,1,3
BRDA:34,2,0,0
BRDA:34,2,1,1
BRDA:35,3,0,1
BRDA:35,3,1,0
BRDA:45,4,0,1
BRDA:45,4,1,1
BRDA:45,5,0,2
BRDA:45,5,1,1
BRDA:50,6,0,0
BRDA:50,6,1,1
BRDA:59,7,0,0
BRDA:59,7,1,2
BRDA:60,8,0,0
BRDA:60,8,1,2
BRDA:69,9,0,0
BRDA:69,9,1,1
BRDA:70,10,0,0
BRDA:70,10,1,1
BRF:22
BRH:14
end_of_record
