TN:
SF:src\database.js
FN:6,(anonymous_0)
FN:15,(anonymous_1)
FNF:2
FNH:2
FNDA:1,(anonymous_0)
FNDA:1,(anonymous_1)
DA:1,1
DA:2,1
DA:4,1
DA:6,1
DA:7,1
DA:8,0
DA:10,1
DA:15,1
DA:17,1
DA:26,1
DA:40,1
DA:53,1
LF:12
LH:11
BRDA:7,0,0,0
BRDA:7,0,1,1
BRF:2
BRH:1
end_of_record
TN:
SF:src\script.js
FN:31,checkAuth
FN:55,logout
FN:68,toggleSidebar
FN:74,showSection
FN:76,(anonymous_4)
FN:82,(anonymous_5)
FN:102,loadTasks
FN:134,renderTasks
FN:146,(anonymous_8)
FN:179,toggleTask
FN:180,(anonymous_10)
FN:197,openTaskModal
FN:206,(anonymous_12)
FN:225,closeTaskModal
FN:231,editTask
FN:236,(anonymous_15)
FN:276,renderCalendar
FN:297,(anonymous_17)
FN:311,prevMonth
FN:321,nextMonth
FN:331,selectDate
FN:337,loadEvents
FN:354,renderEvents
FN:366,(anonymous_23)
FN:390,openEventModal
FN:400,(anonymous_25)
FN:419,closeEventModal
FN:425,editEvent
FN:429,selectEventColor
FN:431,(anonymous_29)
FN:441,(anonymous_30)
FN:480,openDeleteModal
FN:488,closeDeleteModal
FN:496,confirmDelete
FN:521,updateStats
FN:523,(anonymous_35)
FN:534,(anonymous_36)
FN:543,(anonymous_37)
FN:559,escapeHtml
FN:565,formatDate
FN:571,showToast
FN:584,(anonymous_41)
FN:594,debounce
FN:596,executedFunction
FN:597,(anonymous_44)
FN:607,init
FNF:46
FNH:0
FNDA:0,checkAuth
FNDA:0,logout
FNDA:0,toggleSidebar
FNDA:0,showSection
FNDA:0,(anonymous_4)
FNDA:0,(anonymous_5)
FNDA:0,loadTasks
FNDA:0,renderTasks
FNDA:0,(anonymous_8)
FNDA:0,toggleTask
FNDA:0,(anonymous_10)
FNDA:0,openTaskModal
FNDA:0,(anonymous_12)
FNDA:0,closeTaskModal
FNDA:0,editTask
FNDA:0,(anonymous_15)
FNDA:0,renderCalendar
FNDA:0,(anonymous_17)
FNDA:0,prevMonth
FNDA:0,nextMonth
FNDA:0,selectDate
FNDA:0,loadEvents
FNDA:0,renderEvents
FNDA:0,(anonymous_23)
FNDA:0,openEventModal
FNDA:0,(anonymous_25)
FNDA:0,closeEventModal
FNDA:0,editEvent
FNDA:0,selectEventColor
FNDA:0,(anonymous_29)
FNDA:0,(anonymous_30)
FNDA:0,openDeleteModal
FNDA:0,closeDeleteModal
FNDA:0,confirmDelete
FNDA:0,updateStats
FNDA:0,(anonymous_35)
FNDA:0,(anonymous_36)
FNDA:0,(anonymous_37)
FNDA:0,escapeHtml
FNDA:0,formatDate
FNDA:0,showToast
FNDA:0,(anonymous_41)
FNDA:0,debounce
FNDA:0,executedFunction
FNDA:0,(anonymous_44)
FNDA:0,init
DA:2,0
DA:3,0
DA:4,0
DA:7,0
DA:8,0
DA:9,0
DA:10,0
DA:11,0
DA:12,0
DA:15,0
DA:24,0
DA:32,0
DA:33,0
DA:37,0
DA:38,0
DA:39,0
DA:42,0
DA:43,0
DA:44,0
DA:45,0
DA:47,0
DA:49,0
DA:50,0
DA:56,0
DA:57,0
DA:62,0
DA:64,0
DA:69,0
DA:70,0
DA:76,0
DA:79,0
DA:82,0
DA:83,0
DA:86,0
DA:87,0
DA:91,0
DA:92,0
DA:93,0
DA:94,0
DA:95,0
DA:103,0
DA:104,0
DA:105,0
DA:107,0
DA:108,0
DA:109,0
DA:110,0
DA:111,0
DA:112,0
DA:114,0
DA:115,0
DA:116,0
DA:117,0
DA:118,0
DA:119,0
DA:121,0
DA:124,0
DA:125,0
DA:126,0
DA:128,0
DA:129,0
DA:135,0
DA:136,0
DA:138,0
DA:139,0
DA:140,0
DA:141,0
DA:144,0
DA:146,0
DA:180,0
DA:181,0
DA:183,0
DA:184,0
DA:190,0
DA:192,0
DA:198,0
DA:199,0
DA:200,0
DA:202,0
DA:203,0
DA:205,0
DA:206,0
DA:207,0
DA:208,0
DA:209,0
DA:210,0
DA:211,0
DA:212,0
DA:213,0
DA:214,0
DA:217,0
DA:220,0
DA:221,0
DA:222,0
DA:226,0
DA:227,0
DA:228,0
DA:232,0
DA:236,0
DA:237,0
DA:239,0
DA:240,0
DA:248,0
DA:249,0
DA:250,0
DA:256,0
DA:258,0
DA:264,0
DA:266,0
DA:267,0
DA:269,0
DA:277,0
DA:280,0
DA:282,0
DA:283,0
DA:284,0
DA:285,0
DA:287,0
DA:290,0
DA:291,0
DA:295,0
DA:296,0
DA:297,0
DA:298,0
DA:300,0
DA:308,0
DA:312,0
DA:313,0
DA:314,0
DA:315,0
DA:317,0
DA:318,0
DA:322,0
DA:323,0
DA:324,0
DA:325,0
DA:327,0
DA:328,0
DA:332,0
DA:333,0
DA:338,0
DA:339,0
DA:343,0
DA:345,0
DA:346,0
DA:347,0
DA:349,0
DA:355,0
DA:356,0
DA:358,0
DA:359,0
DA:360,0
DA:361,0
DA:364,0
DA:366,0
DA:391,0
DA:392,0
DA:393,0
DA:395,0
DA:396,0
DA:397,0
DA:399,0
DA:400,0
DA:401,0
DA:402,0
DA:403,0
DA:404,0
DA:405,0
DA:406,0
DA:407,0
DA:408,0
DA:411,0
DA:414,0
DA:415,0
DA:416,0
DA:420,0
DA:421,0
DA:422,0
DA:426,0
DA:430,0
DA:431,0
DA:432,0
DA:433,0
DA:435,0
DA:436,0
DA:441,0
DA:442,0
DA:444,0
DA:445,0
DA:453,0
DA:454,0
DA:455,0
DA:461,0
DA:463,0
DA:469,0
DA:471,0
DA:472,0
DA:474,0
DA:481,0
DA:482,0
DA:483,0
DA:484,0
DA:485,0
DA:489,0
DA:490,0
DA:491,0
DA:492,0
DA:493,0
DA:497,0
DA:499,0
DA:501,0
DA:502,0
DA:506,0
DA:507,0
DA:509,0
DA:510,0
DA:512,0
DA:515,0
DA:522,0
DA:523,0
DA:524,0
DA:525,0
DA:527,0
DA:528,0
DA:529,0
DA:530,0
DA:533,0
DA:534,0
DA:535,0
DA:536,0
DA:538,0
DA:539,0
DA:542,0
DA:543,0
DA:544,0
DA:545,0
DA:560,0
DA:561,0
DA:562,0
DA:566,0
DA:567,0
DA:568,0
DA:572,0
DA:573,0
DA:574,0
DA:582,0
DA:584,0
DA:585,0
DA:590,0
DA:591,0
DA:592,0
DA:596,0
DA:597,0
DA:598,0
DA:599,0
DA:601,0
DA:602,0
DA:608,0
DA:609,0
DA:610,0
DA:615,0
LF:261
LH:0
BRDA:37,0,0,0
BRDA:37,0,1,0
BRDA:43,1,0,0
BRDA:43,1,1,0
BRDA:86,2,0,0
BRDA:86,2,1,0
BRDA:91,3,0,0
BRDA:91,3,1,0
BRDA:94,4,0,0
BRDA:94,4,1,0
BRDA:109,5,0,0
BRDA:109,5,1,0
BRDA:110,6,0,0
BRDA:110,6,1,0
BRDA:111,7,0,0
BRDA:111,7,1,0
BRDA:112,8,0,0
BRDA:112,8,1,0
BRDA:116,9,0,0
BRDA:116,9,1,0
BRDA:117,10,0,0
BRDA:117,10,1,0
BRDA:138,11,0,0
BRDA:138,11,1,0
BRDA:147,12,0,0
BRDA:147,12,1,0
BRDA:148,13,0,0
BRDA:148,13,1,0
BRDA:155,14,0,0
BRDA:155,14,1,0
BRDA:157,15,0,0
BRDA:157,15,1,0
BRDA:158,16,0,0
BRDA:158,16,1,0
BRDA:159,17,0,0
BRDA:159,17,1,0
BRDA:181,18,0,0
BRDA:181,18,1,0
BRDA:197,19,0,0
BRDA:205,20,0,0
BRDA:205,20,1,0
BRDA:207,21,0,0
BRDA:207,21,1,0
BRDA:211,22,0,0
BRDA:211,22,1,0
BRDA:212,23,0,0
BRDA:212,23,1,0
BRDA:243,24,0,0
BRDA:243,24,1,0
BRDA:249,25,0,0
BRDA:249,25,1,0
BRDA:298,26,0,0
BRDA:298,26,1,0
BRDA:298,26,2,0
BRDA:301,27,0,0
BRDA:301,27,1,0
BRDA:301,28,0,0
BRDA:301,28,1,0
BRDA:313,29,0,0
BRDA:313,29,1,0
BRDA:323,30,0,0
BRDA:323,30,1,0
BRDA:343,31,0,0
BRDA:343,31,1,0
BRDA:358,32,0,0
BRDA:358,32,1,0
BRDA:368,33,0,0
BRDA:368,33,1,0
BRDA:371,34,0,0
BRDA:371,34,1,0
BRDA:390,35,0,0
BRDA:399,36,0,0
BRDA:399,36,1,0
BRDA:401,37,0,0
BRDA:401,37,1,0
BRDA:405,38,0,0
BRDA:405,38,1,0
BRDA:407,39,0,0
BRDA:407,39,1,0
BRDA:408,40,0,0
BRDA:408,40,1,0
BRDA:435,41,0,0
BRDA:435,41,1,0
BRDA:435,42,0,0
BRDA:435,42,1,0
BRDA:449,43,0,0
BRDA:449,43,1,0
BRDA:454,44,0,0
BRDA:454,44,1,0
BRDA:497,45,0,0
BRDA:497,45,1,0
BRDA:497,46,0,0
BRDA:497,46,1,0
BRDA:499,47,0,0
BRDA:499,47,1,0
BRDA:506,48,0,0
BRDA:506,48,1,0
BRDA:509,49,0,0
BRDA:509,49,1,0
BRDA:525,50,0,0
BRDA:525,50,1,0
BRDA:535,51,0,0
BRDA:535,51,1,0
BRDA:539,52,0,0
BRDA:539,52,1,0
BRDA:543,53,0,0
BRDA:543,53,1,0
BRDA:547,54,0,0
BRDA:547,54,1,0
BRDA:566,55,0,0
BRDA:566,55,1,0
BRDA:571,56,0,0
BRDA:575,57,0,0
BRDA:575,57,1,0
BRDA:576,58,0,0
BRDA:576,58,1,0
BRDA:609,59,0,0
BRDA:609,59,1,0
BRF:118
BRH:0
end_of_record
TN:
SF:src\models\calendarModel.js
FN:4,(anonymous_0)
FN:6,(anonymous_1)
FN:12,(anonymous_2)
FN:22,(anonymous_3)
FN:28,(anonymous_4)
FN:30,(anonymous_5)
FN:36,(anonymous_6)
FN:41,(anonymous_7)
FN:52,(anonymous_8)
FN:76,(anonymous_9)
FN:83,(anonymous_10)
FN:85,(anonymous_11)
FNF:12
FNH:10
FNDA:1,(anonymous_0)
FNDA:1,(anonymous_1)
FNDA:1,(anonymous_2)
FNDA:1,(anonymous_3)
FNDA:0,(anonymous_4)
FNDA:0,(anonymous_5)
FNDA:1,(anonymous_6)
FNDA:1,(anonymous_7)
FNDA:1,(anonymous_8)
FNDA:1,(anonymous_9)
FNDA:1,(anonymous_10)
FNDA:1,(anonymous_11)
DA:1,1
DA:3,1
DA:5,1
DA:6,1
DA:7,1
DA:8,1
DA:13,1
DA:14,1
DA:18,1
DA:22,1
DA:23,1
DA:24,1
DA:29,0
DA:30,0
DA:31,0
DA:32,0
DA:37,1
DA:38,1
DA:41,1
DA:42,1
DA:43,1
DA:53,1
DA:54,1
DA:56,1
DA:64,1
DA:65,1
DA:66,1
DA:67,1
DA:71,1
DA:73,1
DA:74,1
DA:76,1
DA:77,1
DA:78,1
DA:79,1
DA:84,1
DA:85,1
DA:86,1
DA:87,1
DA:92,1
LF:40
LH:36
BRDA:7,0,0,0
BRDA:7,0,1,1
BRDA:14,1,0,1
BRDA:14,1,1,0
BRDA:23,2,0,0
BRDA:23,2,1,1
BRDA:31,3,0,0
BRDA:31,3,1,0
BRDA:41,4,0,1
BRDA:41,4,1,0
BRDA:42,5,0,0
BRDA:42,5,1,1
BRDA:65,6,0,1
BRDA:65,6,1,0
BRDA:71,7,0,0
BRDA:71,7,1,1
BRDA:77,8,0,0
BRDA:77,8,1,1
BRDA:78,9,0,0
BRDA:78,9,1,1
BRDA:86,10,0,0
BRDA:86,10,1,1
BRF:22
BRH:10
end_of_record
TN:
SF:src\models\task.js
FN:4,(anonymous_0)
FN:25,(anonymous_1)
FN:27,(anonymous_2)
FN:34,(anonymous_3)
FN:36,(anonymous_4)
FN:46,(anonymous_5)
FN:51,(anonymous_6)
FN:63,(anonymous_7)
FN:83,(anonymous_8)
FN:90,(anonymous_9)
FN:92,(anonymous_10)
FNF:11
FNH:11
FNDA:3,(anonymous_0)
FNDA:3,(anonymous_1)
FNDA:3,(anonymous_2)
FNDA:1,(anonymous_3)
FNDA:1,(anonymous_4)
FNDA:1,(anonymous_5)
FNDA:1,(anonymous_6)
FNDA:2,(anonymous_7)
FNDA:2,(anonymous_8)
FNDA:1,(anonymous_9)
FNDA:1,(anonymous_10)
DA:1,1
DA:3,1
DA:5,3
DA:6,3
DA:8,3
DA:9,1
DA:10,1
DA:13,3
DA:14,1
DA:15,1
DA:18,3
DA:19,0
DA:20,0
DA:23,3
DA:25,3
DA:26,3
DA:27,3
DA:35,1
DA:36,1
DA:37,1
DA:38,1
DA:39,0
DA:47,1
DA:48,1
DA:51,1
DA:52,1
DA:53,1
DA:65,2
DA:66,2
DA:68,2
DA:69,2
DA:70,1
DA:71,1
DA:73,1
DA:74,1
DA:78,2
DA:80,2
DA:81,2
DA:83,2
DA:84,2
DA:85,2
DA:86,2
DA:91,1
DA:92,1
DA:93,1
DA:94,1
DA:99,1
LF:47
LH:44
BRDA:8,0,0,1
BRDA:8,0,1,2
BRDA:13,1,0,1
BRDA:13,1,1,2
BRDA:18,2,0,0
BRDA:18,2,1,3
BRDA:26,3,0,0
BRDA:26,3,1,3
BRDA:37,4,0,0
BRDA:37,4,1,1
BRDA:38,5,0,1
BRDA:38,5,1,0
BRDA:51,6,0,1
BRDA:51,6,1,0
BRDA:51,7,0,1
BRDA:51,7,1,0
BRDA:52,8,0,0
BRDA:52,8,1,1
BRDA:69,9,0,1
BRDA:69,9,1,1
BRDA:71,10,0,1
BRDA:71,10,1,0
BRDA:78,11,0,0
BRDA:78,11,1,2
BRDA:84,12,0,0
BRDA:84,12,1,2
BRDA:85,13,0,0
BRDA:85,13,1,2
BRDA:93,14,0,0
BRDA:93,14,1,1
BRF:30
BRH:18
end_of_record
TN:
SF:src\models\user.js
FN:5,(anonymous_0)
FN:6,(anonymous_1)
FN:10,(anonymous_2)
FN:17,(anonymous_3)
FN:19,(anonymous_4)
FN:25,(anonymous_5)
FN:27,(anonymous_6)
FNF:7
FNH:7
FNDA:1,(anonymous_0)
FNDA:1,(anonymous_1)
FNDA:1,(anonymous_2)
FNDA:1,(anonymous_3)
FNDA:1,(anonymous_4)
FNDA:1,(anonymous_5)
FNDA:1,(anonymous_6)
DA:1,1
DA:2,1
DA:4,1
DA:6,1
DA:7,1
DA:9,1
DA:10,1
DA:11,1
DA:12,1
DA:18,1
DA:19,1
DA:20,1
DA:21,1
DA:26,1
DA:27,1
DA:28,1
DA:29,1
DA:34,1
LF:18
LH:18
BRDA:7,0,0,0
BRDA:7,0,1,1
BRDA:11,1,0,0
BRDA:11,1,1,1
BRDA:20,2,0,0
BRDA:20,2,1,1
BRDA:28,3,0,0
BRDA:28,3,1,1
BRF:8
BRH:4
end_of_record
TN:
SF:src\routes\auth.js
FN:7,(anonymous_0)
FN:13,(anonymous_1)
FN:28,(anonymous_2)
FN:34,(anonymous_3)
FN:38,(anonymous_4)
FN:50,(anonymous_5)
FN:51,(anonymous_6)
FN:58,(anonymous_7)
FN:63,(anonymous_8)
FNF:9
FNH:8
FNDA:4,(anonymous_0)
FNDA:1,(anonymous_1)
FNDA:3,(anonymous_2)
FNDA:1,(anonymous_3)
FNDA:0,(anonymous_4)
FNDA:2,(anonymous_5)
FNDA:2,(anonymous_6)
FNDA:3,(anonymous_7)
FNDA:1,(anonymous_8)
DA:1,1
DA:2,1
DA:3,1
DA:4,1
DA:7,1
DA:8,4
DA:9,4
DA:10,3
DA:13,1
DA:14,1
DA:15,0
DA:16,0
DA:18,0
DA:22,1
DA:23,1
DA:28,1
DA:29,3
DA:30,3
DA:31,2
DA:34,1
DA:35,1
DA:36,1
DA:38,0
DA:39,0
DA:40,0
DA:43,0
DA:44,0
DA:50,1
DA:51,2
DA:52,2
DA:53,2
DA:58,1
DA:59,3
DA:60,2
DA:63,1
DA:64,1
DA:65,1
DA:66,1
DA:70,1
LF:39
LH:31
BRDA:9,0,0,3
BRDA:9,0,1,1
BRDA:9,1,0,4
BRDA:9,1,1,2
BRDA:14,2,0,0
BRDA:14,2,1,1
BRDA:15,3,0,0
BRDA:15,3,1,0
BRDA:15,4,0,0
BRDA:15,4,1,0
BRDA:30,5,0,2
BRDA:30,5,1,1
BRDA:30,6,0,3
BRDA:30,6,1,2
BRDA:35,7,0,0
BRDA:35,7,1,1
BRDA:36,8,0,1
BRDA:36,8,1,0
BRDA:39,9,0,0
BRDA:39,9,1,0
BRDA:40,10,0,0
BRDA:40,10,1,0
BRDA:52,11,0,0
BRDA:52,11,1,2
BRDA:59,12,0,2
BRDA:59,12,1,1
BRDA:64,13,0,0
BRDA:64,13,1,1
BRDA:65,14,0,0
BRDA:65,14,1,1
BRF:30
BRH:16
end_of_record
TN:
SF:src\routes\calendar.js
FN:6,(anonymous_0)
FN:16,(anonymous_1)
FN:18,(anonymous_2)
FN:25,(anonymous_3)
FN:34,(anonymous_4)
FN:41,(anonymous_5)
FN:43,(anonymous_6)
FN:51,(anonymous_7)
FN:63,(anonymous_8)
FN:70,(anonymous_9)
FN:72,(anonymous_10)
FN:80,(anonymous_11)
FN:82,(anonymous_12)
FNF:13
FNH:11
FNDA:12,(anonymous_0)
FNDA:1,(anonymous_1)
FNDA:1,(anonymous_2)
FNDA:3,(anonymous_3)
FNDA:1,(anonymous_4)
FNDA:0,(anonymous_5)
FNDA:0,(anonymous_6)
FNDA:3,(anonymous_7)
FNDA:1,(anonymous_8)
FNDA:1,(anonymous_9)
FNDA:1,(anonymous_10)
FNDA:1,(anonymous_11)
FNDA:1,(anonymous_12)
DA:1,1
DA:2,1
DA:3,1
DA:6,1
DA:7,12
DA:8,3
DA:10,9
DA:13,1
DA:16,1
DA:17,1
DA:18,1
DA:19,1
DA:20,1
DA:25,1
DA:26,3
DA:27,3
DA:28,3
DA:30,3
DA:31,2
DA:34,1
DA:35,1
DA:36,1
DA:41,1
DA:42,0
DA:43,0
DA:44,0
DA:45,0
DA:46,0
DA:51,1
DA:52,3
DA:53,3
DA:55,3
DA:56,1
DA:59,2
DA:60,1
DA:63,1
DA:64,1
DA:65,1
DA:70,1
DA:71,1
DA:72,1
DA:73,1
DA:74,1
DA:75,1
DA:80,1
DA:81,1
DA:82,1
DA:83,1
DA:84,1
DA:85,1
DA:89,1
LF:51
LH:46
BRDA:7,0,0,3
BRDA:7,0,1,9
BRDA:19,1,0,0
BRDA:19,1,1,1
BRDA:30,2,0,2
BRDA:30,2,1,1
BRDA:30,3,0,3
BRDA:30,3,1,2
BRDA:30,3,2,2
BRDA:30,3,3,2
BRDA:35,4,0,0
BRDA:35,4,1,1
BRDA:44,5,0,0
BRDA:44,5,1,0
BRDA:45,6,0,0
BRDA:45,6,1,0
BRDA:55,7,0,1
BRDA:55,7,1,2
BRDA:55,8,0,3
BRDA:55,8,1,2
BRDA:59,9,0,1
BRDA:59,9,1,1
BRDA:64,10,0,0
BRDA:64,10,1,1
BRDA:73,11,0,0
BRDA:73,11,1,1
BRDA:74,12,0,0
BRDA:74,12,1,1
BRDA:83,13,0,0
BRDA:83,13,1,1
BRDA:84,14,0,0
BRDA:84,14,1,1
BRF:32
BRH:21
end_of_record
TN:
SF:src\routes\tasks.js
FN:6,(anonymous_0)
FN:16,(anonymous_1)
FN:24,(anonymous_2)
FN:31,(anonymous_3)
FN:33,(anonymous_4)
FN:41,(anonymous_5)
FN:49,(anonymous_6)
FN:56,(anonymous_7)
FN:58,(anonymous_8)
FN:66,(anonymous_9)
FN:68,(anonymous_10)
FNF:11
FNH:11
FNDA:13,(anonymous_0)
FNDA:3,(anonymous_1)
FNDA:3,(anonymous_2)
FNDA:1,(anonymous_3)
FNDA:1,(anonymous_4)
FNDA:2,(anonymous_5)
FNDA:1,(anonymous_6)
FNDA:2,(anonymous_7)
FNDA:2,(anonymous_8)
FNDA:1,(anonymous_9)
FNDA:1,(anonymous_10)
DA:1,1
DA:2,1
DA:3,1
DA:6,1
DA:7,13
DA:8,4
DA:10,9
DA:13,1
DA:16,1
DA:17,3
DA:18,3
DA:24,3
DA:25,3
DA:26,3
DA:31,1
DA:32,1
DA:33,1
DA:34,1
DA:35,1
DA:36,0
DA:41,1
DA:42,2
DA:43,2
DA:45,2
DA:46,1
DA:49,1
DA:50,1
DA:51,1
DA:56,1
DA:57,2
DA:58,2
DA:59,2
DA:60,2
DA:61,2
DA:66,1
DA:67,1
DA:68,1
DA:69,1
DA:70,1
DA:71,1
DA:75,1
LF:41
LH:40
BRDA:7,0,0,4
BRDA:7,0,1,9
BRDA:25,1,0,0
BRDA:25,1,1,3
BRDA:34,2,0,0
BRDA:34,2,1,1
BRDA:35,3,0,1
BRDA:35,3,1,0
BRDA:45,4,0,1
BRDA:45,4,1,1
BRDA:45,5,0,2
BRDA:45,5,1,1
BRDA:50,6,0,0
BRDA:50,6,1,1
BRDA:59,7,0,0
BRDA:59,7,1,2
BRDA:60,8,0,0
BRDA:60,8,1,2
BRDA:69,9,0,0
BRDA:69,9,1,1
BRDA:70,10,0,0
BRDA:70,10,1,1
BRF:22
BRH:14
end_of_record
